2025-06-07 17:57:05,514 - minka.test.demo_logs - ERROR - [demo_logs.py:20] - Este es un mensaje de nivel ERROR - Un error que requiere atención
2025-06-07 17:57:05,514 - minka.test.demo_logs - CRITICAL - [demo_logs.py:21] - Este es un mensaje de nivel CRITICAL - Error crítico que puede detener el sistema
2025-06-07 17:57:05,514 - minka.test.demo_logs - ERROR - [demo_logs.py:30] - Error en operación matemática: division by zero
Traceback (most recent call last):
  File "/Users/jerifcornejo/minka_project/minkaweb_server/minka_plantilla/server/demo_logs.py", line 28, in demonstrate_logs
    result = 10 / 0
             ~~~^~~
ZeroDivisionError: division by zero
2025-06-07 18:31:21,380 - minka.test.test_completo - ERROR - [test_completo.py:158] - Cliente web-deb72b51 intentó enviar mensaje pero no está conectado
2025-06-07 18:31:23,884 - minka.test.test_completo - ERROR - [test_completo.py:245] - Cliente móvil mobile-2c19b8bd intentó enviar mensaje pero no está en estado adecuado
2025-06-07 18:31:24,386 - minka.test.test_completo - ERROR - [test_completo.py:245] - Cliente móvil mobile-38515e6e intentó enviar mensaje pero no está en estado adecuado
2025-06-07 18:31:32,914 - minka.test.test_completo - ERROR - [test_completo.py:255] - Cliente móvil mobile-2c19b8bd intentó entrar en modo doze pero no está conectado
2025-06-07 18:31:32,914 - minka.test.test_completo - ERROR - [test_completo.py:420] - No se pudo entrar en modo doze con el cliente mobile-2c19b8bd
2025-06-07 18:31:36,424 - minka.test.test_completo - ERROR - [test_completo.py:274] - Cliente móvil mobile-2c19b8bd intentó salir de modo doze pero no estaba en ese modo
2025-06-07 18:31:36,424 - minka.test.test_completo - ERROR - [test_completo.py:436] - No se pudo salir del modo doze con el cliente mobile-2c19b8bd
2025-06-07 19:18:51,484 - minka.test.test_basico - ERROR - [test_basico.py:236] - Error al entrar en modo doze para mobile-066a2c42: cannot call recv while another coroutine is already waiting for the next message
2025-06-07 19:18:51,485 - minka.test.test_basico - ERROR - [test_basico.py:332] - Error al entrar en modo doze
2025-06-07 19:18:54,487 - minka.test.test_basico - ERROR - [test_basico.py:242] - Cliente móvil mobile-066a2c42 no está en modo doze
2025-06-07 19:18:54,489 - minka.test.test_basico - ERROR - [test_basico.py:342] - Error al salir del modo doze
2025-06-07 19:18:59,493 - minka.test.test_basico - ERROR - [test_basico.py:102] - Cliente web-dbdd2bef no tiene JWT para reconexión
2025-06-07 19:18:59,496 - minka.test.test_basico - ERROR - [test_basico.py:358] - Error en reconexión con JWT
2025-06-07 19:18:59,496 - minka.test.test_basico - ERROR - [test_basico.py:121] - Cliente web-dbdd2bef no está conectado, no puede enviar mensaje
2025-06-07 19:22:04,554 - minka.test.test_entrega_mensajes - ERROR - [test_entrega_mensajes.py:225] - Error en listener de web-0d360e56: cannot call recv while another coroutine is already waiting for the next message
2025-06-07 19:22:04,581 - minka.test.test_entrega_mensajes - ERROR - [test_entrega_mensajes.py:225] - Error en listener de mobile-e010c448: cannot call recv while another coroutine is already waiting for the next message
2025-06-07 19:22:04,583 - minka.test.test_entrega_mensajes - ERROR - [test_entrega_mensajes.py:121] - Cliente web-0d360e56 no está conectado, no puede enviar mensaje
2025-06-07 19:22:05,084 - minka.test.test_entrega_mensajes - ERROR - [test_entrega_mensajes.py:121] - Cliente web-0d360e56 no está conectado, no puede enviar mensaje
2025-06-07 19:22:05,586 - minka.test.test_entrega_mensajes - ERROR - [test_entrega_mensajes.py:121] - Cliente web-0d360e56 no está conectado, no puede enviar mensaje
2025-06-07 19:22:06,087 - minka.test.test_entrega_mensajes - ERROR - [test_entrega_mensajes.py:121] - Cliente web-0d360e56 no está conectado, no puede enviar mensaje
2025-06-07 19:22:06,589 - minka.test.test_entrega_mensajes - ERROR - [test_entrega_mensajes.py:121] - Cliente web-0d360e56 no está conectado, no puede enviar mensaje
2025-06-07 19:22:10,092 - minka.test.test_entrega_mensajes - ERROR - [test_entrega_mensajes.py:121] - Cliente mobile-e010c448 no está conectado, no puede enviar mensaje
2025-06-07 19:22:10,594 - minka.test.test_entrega_mensajes - ERROR - [test_entrega_mensajes.py:121] - Cliente mobile-e010c448 no está conectado, no puede enviar mensaje
2025-06-07 19:22:11,096 - minka.test.test_entrega_mensajes - ERROR - [test_entrega_mensajes.py:121] - Cliente mobile-e010c448 no está conectado, no puede enviar mensaje
2025-06-07 19:22:11,598 - minka.test.test_entrega_mensajes - ERROR - [test_entrega_mensajes.py:121] - Cliente mobile-e010c448 no está conectado, no puede enviar mensaje
2025-06-07 19:22:12,102 - minka.test.test_entrega_mensajes - ERROR - [test_entrega_mensajes.py:121] - Cliente mobile-e010c448 no está conectado, no puede enviar mensaje
2025-06-07 19:22:15,605 - minka.test.test_entrega_mensajes - ERROR - [test_entrega_mensajes.py:302] - Cliente móvil mobile-e010c448 no está conectado, no puede entrar en doze
2025-06-07 19:22:15,606 - minka.test.test_entrega_mensajes - ERROR - [test_entrega_mensajes.py:121] - Cliente web-0d360e56 no está conectado, no puede enviar mensaje
2025-06-07 19:22:16,108 - minka.test.test_entrega_mensajes - ERROR - [test_entrega_mensajes.py:121] - Cliente web-0d360e56 no está conectado, no puede enviar mensaje
2025-06-07 19:22:16,610 - minka.test.test_entrega_mensajes - ERROR - [test_entrega_mensajes.py:121] - Cliente web-0d360e56 no está conectado, no puede enviar mensaje
2025-06-07 19:22:20,113 - minka.test.test_entrega_mensajes - ERROR - [test_entrega_mensajes.py:333] - Cliente móvil mobile-e010c448 no está en modo doze
2025-06-07 19:22:25,117 - minka.test.test_entrega_mensajes - ERROR - [test_entrega_mensajes.py:121] - Cliente mobile-e010c448 no está conectado, no puede enviar mensaje
2025-06-07 19:22:25,619 - minka.test.test_entrega_mensajes - ERROR - [test_entrega_mensajes.py:121] - Cliente mobile-e010c448 no está conectado, no puede enviar mensaje
2025-06-07 19:22:26,121 - minka.test.test_entrega_mensajes - ERROR - [test_entrega_mensajes.py:121] - Cliente mobile-e010c448 no está conectado, no puede enviar mensaje
2025-06-07 19:22:31,626 - minka.test.test_entrega_mensajes - ERROR - [test_entrega_mensajes.py:121] - Cliente web-0d360e56 no está conectado, no puede enviar mensaje
2025-06-07 19:22:32,127 - minka.test.test_entrega_mensajes - ERROR - [test_entrega_mensajes.py:121] - Cliente web-0d360e56 no está conectado, no puede enviar mensaje
2025-06-07 19:22:32,629 - minka.test.test_entrega_mensajes - ERROR - [test_entrega_mensajes.py:121] - Cliente web-0d360e56 no está conectado, no puede enviar mensaje
2025-06-07 19:25:43,324 - minka.test.test_entrega_mensajes - ERROR - [test_entrega_mensajes.py:333] - Error al entrar en modo doze para mobile-b1956ae1: cannot call recv while another coroutine is already waiting for the next message
2025-06-07 19:25:47,832 - minka.test.test_entrega_mensajes - ERROR - [test_entrega_mensajes.py:339] - Cliente móvil mobile-b1956ae1 no está en modo doze
2025-06-07 19:25:55,370 - minka.test.test_entrega_mensajes - ERROR - [test_entrega_mensajes.py:122] - Cliente mobile-b1956ae1 no está conectado, no puede enviar mensaje
2025-06-07 19:25:55,873 - minka.test.test_entrega_mensajes - ERROR - [test_entrega_mensajes.py:122] - Cliente mobile-b1956ae1 no está conectado, no puede enviar mensaje
2025-06-07 19:25:56,376 - minka.test.test_entrega_mensajes - ERROR - [test_entrega_mensajes.py:122] - Cliente mobile-b1956ae1 no está conectado, no puede enviar mensaje
2025-06-07 19:28:00,874 - minka.test.test_concurrencia - ERROR - [test_concurrencia.py:134] - Cliente web-4-1-6638a7 no pudo unirse a sala: {'error': 'Sala llena. Solo se permiten dos usuarios.'}
2025-06-07 19:28:00,877 - minka.test.test_concurrencia - ERROR - [test_concurrencia.py:134] - Cliente mobile-0-0-40379e no pudo unirse a sala: {'error': 'Sala llena. Solo se permiten dos usuarios.'}
2025-06-07 19:28:00,883 - minka.test.test_concurrencia - ERROR - [test_concurrencia.py:134] - Cliente web-3-1-04223b no pudo unirse a sala: {'error': 'Sala llena. Solo se permiten dos usuarios.'}
2025-06-07 19:28:00,886 - minka.test.test_concurrencia - ERROR - [test_concurrencia.py:134] - Cliente web-2-1-0b9529 no pudo unirse a sala: {'error': 'Sala llena. Solo se permiten dos usuarios.'}
2025-06-07 19:28:00,888 - minka.test.test_concurrencia - ERROR - [test_concurrencia.py:134] - Cliente mobile-1-0-baab2d no pudo unirse a sala: {'error': 'Sala llena. Solo se permiten dos usuarios.'}
2025-06-07 19:28:01,595 - minka.test.test_concurrencia - ERROR - [test_concurrencia.py:160] - Error al enviar mensaje desde web-3-1-04223b: received 1005 (no status received [internal]); then sent 1005 (no status received [internal])
2025-06-07 19:28:01,797 - minka.test.test_concurrencia - ERROR - [test_concurrencia.py:160] - Error al enviar mensaje desde mobile-1-0-baab2d: received 1005 (no status received [internal]); then sent 1005 (no status received [internal])
2025-06-07 19:28:01,999 - minka.test.test_concurrencia - ERROR - [test_concurrencia.py:160] - Error al enviar mensaje desde mobile-0-0-40379e: received 1005 (no status received [internal]); then sent 1005 (no status received [internal])
2025-06-07 19:28:02,201 - minka.test.test_concurrencia - ERROR - [test_concurrencia.py:196] - Error al entrar en doze para mobile-1-0-baab2d: received 1005 (no status received [internal]); then sent 1005 (no status received [internal])
2025-06-07 19:28:02,505 - minka.test.test_concurrencia - ERROR - [test_concurrencia.py:160] - Error al enviar mensaje desde mobile-0-0-40379e: received 1005 (no status received [internal]); then sent 1005 (no status received [internal])
2025-06-07 19:28:03,111 - minka.test.test_concurrencia - ERROR - [test_concurrencia.py:160] - Error al enviar mensaje desde web-4-1-6638a7: received 1005 (no status received [internal]); then sent 1005 (no status received [internal])
2025-06-07 19:28:03,213 - minka.test.test_concurrencia - ERROR - [test_concurrencia.py:160] - Error al enviar mensaje desde mobile-0-0-40379e: received 1005 (no status received [internal]); then sent 1005 (no status received [internal])
2025-06-07 19:28:03,473 - minka.test.test_concurrencia - ERROR - [test_concurrencia.py:134] - Cliente mobile-2-0-90c6c4 no pudo unirse a sala: {'info': 'Reconectado desde modo doze. Verificando mensajes pendientes...'}
2025-06-07 19:28:03,473 - minka.test.test_concurrencia - ERROR - [test_concurrencia.py:223] - Cliente mobile-2-0-90c6c4 falló al salir del modo doze
2025-06-07 19:28:03,518 - minka.test.test_concurrencia - ERROR - [test_concurrencia.py:160] - Error al enviar mensaje desde web-3-1-04223b: received 1005 (no status received [internal]); then sent 1005 (no status received [internal])
2025-06-07 19:28:03,720 - minka.test.test_concurrencia - ERROR - [test_concurrencia.py:160] - Error al enviar mensaje desde web-3-1-04223b: received 1005 (no status received [internal]); then sent 1005 (no status received [internal])
2025-06-07 19:28:03,822 - minka.test.test_concurrencia - ERROR - [test_concurrencia.py:160] - Error al enviar mensaje desde web-3-1-04223b: received 1005 (no status received [internal]); then sent 1005 (no status received [internal])
2025-06-07 19:28:03,885 - minka.test.test_concurrencia - ERROR - [test_concurrencia.py:203] - Cliente mobile-1-0-baab2d ya está conectado, no puede salir de doze
2025-06-07 19:28:04,125 - minka.test.test_concurrencia - ERROR - [test_concurrencia.py:160] - Error al enviar mensaje desde web-4-1-6638a7: received 1005 (no status received [internal]); then sent 1005 (no status received [internal])
2025-06-07 19:28:04,636 - minka.test.test_concurrencia - ERROR - [test_concurrencia.py:160] - Error al enviar mensaje desde mobile-0-0-40379e: received 1005 (no status received [internal]); then sent 1005 (no status received [internal])
2025-06-07 19:28:04,737 - minka.test.test_concurrencia - ERROR - [test_concurrencia.py:160] - Error al enviar mensaje desde mobile-0-0-40379e: received 1005 (no status received [internal]); then sent 1005 (no status received [internal])
2025-06-07 19:28:04,939 - minka.test.test_concurrencia - ERROR - [test_concurrencia.py:160] - Error al enviar mensaje desde web-3-1-04223b: received 1005 (no status received [internal]); then sent 1005 (no status received [internal])
2025-06-07 19:28:05,040 - minka.test.test_concurrencia - ERROR - [test_concurrencia.py:160] - Error al enviar mensaje desde mobile-0-0-40379e: received 1005 (no status received [internal]); then sent 1005 (no status received [internal])
2025-06-07 19:28:05,141 - minka.test.test_concurrencia - ERROR - [test_concurrencia.py:160] - Error al enviar mensaje desde mobile-0-0-40379e: received 1005 (no status received [internal]); then sent 1005 (no status received [internal])
2025-06-07 19:28:05,648 - minka.test.test_concurrencia - ERROR - [test_concurrencia.py:160] - Error al enviar mensaje desde web-2-1-0b9529: received 1005 (no status received [internal]); then sent 1005 (no status received [internal])
2025-06-07 19:28:05,889 - minka.test.test_concurrencia - ERROR - [test_concurrencia.py:134] - Cliente mobile-2-0-90c6c4 no pudo unirse a sala: {'info': 'Reconectado desde modo doze. Verificando mensajes pendientes...'}
2025-06-07 19:28:05,889 - minka.test.test_concurrencia - ERROR - [test_concurrencia.py:223] - Cliente mobile-2-0-90c6c4 falló al salir del modo doze
2025-06-07 19:28:06,053 - minka.test.test_concurrencia - ERROR - [test_concurrencia.py:160] - Error al enviar mensaje desde web-2-1-0b9529: received 1005 (no status received [internal]); then sent 1005 (no status received [internal])
2025-06-07 19:28:06,155 - minka.test.test_concurrencia - ERROR - [test_concurrencia.py:160] - Error al enviar mensaje desde web-4-1-6638a7: received 1005 (no status received [internal]); then sent 1005 (no status received [internal])
2025-06-07 19:28:06,255 - minka.test.test_concurrencia - ERROR - [test_concurrencia.py:160] - Error al enviar mensaje desde web-2-1-0b9529: received 1005 (no status received [internal]); then sent 1005 (no status received [internal])
2025-06-07 19:28:06,660 - minka.test.test_concurrencia - ERROR - [test_concurrencia.py:160] - Error al enviar mensaje desde mobile-1-0-baab2d: received 1005 (no status received [internal]); then sent 1005 (no status received [internal])
2025-06-07 19:28:07,368 - minka.test.test_concurrencia - ERROR - [test_concurrencia.py:160] - Error al enviar mensaje desde mobile-1-0-baab2d: received 1005 (no status received [internal]); then sent 1005 (no status received [internal])
2025-06-07 19:28:07,470 - minka.test.test_concurrencia - ERROR - [test_concurrencia.py:160] - Error al enviar mensaje desde web-2-1-0b9529: received 1005 (no status received [internal]); then sent 1005 (no status received [internal])
2025-06-07 19:28:08,505 - minka.test.test_concurrencia - ERROR - [test_concurrencia.py:160] - Error al enviar mensaje desde web-3-1-04223b: received 1005 (no status received [internal]); then sent 1005 (no status received [internal])
2025-06-07 19:28:08,909 - minka.test.test_concurrencia - ERROR - [test_concurrencia.py:160] - Error al enviar mensaje desde web-3-1-04223b: received 1005 (no status received [internal]); then sent 1005 (no status received [internal])
2025-06-07 19:28:09,111 - minka.test.test_concurrencia - ERROR - [test_concurrencia.py:196] - Error al entrar en doze para mobile-1-0-baab2d: received 1005 (no status received [internal]); then sent 1005 (no status received [internal])
2025-06-07 19:28:09,112 - minka.test.test_concurrencia - ERROR - [test_concurrencia.py:160] - Error al enviar mensaje desde web-2-1-0b9529: received 1005 (no status received [internal]); then sent 1005 (no status received [internal])
2025-06-07 19:28:09,416 - minka.test.test_concurrencia - ERROR - [test_concurrencia.py:160] - Error al enviar mensaje desde mobile-0-0-40379e: received 1005 (no status received [internal]); then sent 1005 (no status received [internal])
2025-06-07 19:28:09,519 - minka.test.test_concurrencia - ERROR - [test_concurrencia.py:160] - Error al enviar mensaje desde mobile-0-0-40379e: received 1005 (no status received [internal]); then sent 1005 (no status received [internal])
2025-06-07 19:28:09,620 - minka.test.test_concurrencia - ERROR - [test_concurrencia.py:160] - Error al enviar mensaje desde web-2-1-0b9529: received 1005 (no status received [internal]); then sent 1005 (no status received [internal])
2025-06-07 19:28:09,721 - minka.test.test_concurrencia - ERROR - [test_concurrencia.py:160] - Error al enviar mensaje desde web-3-1-04223b: received 1005 (no status received [internal]); then sent 1005 (no status received [internal])
2025-06-07 19:28:09,924 - minka.test.test_concurrencia - ERROR - [test_concurrencia.py:160] - Error al enviar mensaje desde mobile-0-0-40379e: received 1005 (no status received [internal]); then sent 1005 (no status received [internal])
2025-06-07 19:28:10,027 - minka.test.test_concurrencia - ERROR - [test_concurrencia.py:196] - Error al entrar en doze para mobile-0-0-40379e: received 1005 (no status received [internal]); then sent 1005 (no status received [internal])
2025-06-07 19:28:10,029 - minka.test.test_concurrencia - ERROR - [test_concurrencia.py:160] - Error al enviar mensaje desde web-3-1-04223b: received 1005 (no status received [internal]); then sent 1005 (no status received [internal])
2025-06-07 19:28:10,129 - minka.test.test_concurrencia - ERROR - [test_concurrencia.py:160] - Error al enviar mensaje desde web-2-1-0b9529: received 1005 (no status received [internal]); then sent 1005 (no status received [internal])
2025-06-07 19:28:10,432 - minka.test.test_concurrencia - ERROR - [test_concurrencia.py:160] - Error al enviar mensaje desde mobile-1-0-baab2d: received 1005 (no status received [internal]); then sent 1005 (no status received [internal])
2025-06-07 19:28:10,533 - minka.test.test_concurrencia - ERROR - [test_concurrencia.py:160] - Error al enviar mensaje desde web-4-1-6638a7: received 1005 (no status received [internal]); then sent 1005 (no status received [internal])
2025-06-07 19:28:10,635 - minka.test.test_concurrencia - ERROR - [test_concurrencia.py:160] - Error al enviar mensaje desde web-3-1-04223b: received 1005 (no status received [internal]); then sent 1005 (no status received [internal])
2025-06-07 19:28:10,735 - minka.test.test_concurrencia - ERROR - [test_concurrencia.py:160] - Error al enviar mensaje desde web-4-1-6638a7: received 1005 (no status received [internal]); then sent 1005 (no status received [internal])
2025-06-07 19:28:11,139 - minka.test.test_concurrencia - ERROR - [test_concurrencia.py:196] - Error al entrar en doze para mobile-1-0-baab2d: received 1005 (no status received [internal]); then sent 1005 (no status received [internal])
2025-06-07 19:28:11,241 - minka.test.test_concurrencia - ERROR - [test_concurrencia.py:160] - Error al enviar mensaje desde web-2-1-0b9529: received 1005 (no status received [internal]); then sent 1005 (no status received [internal])
2025-06-07 19:28:11,645 - minka.test.test_concurrencia - ERROR - [test_concurrencia.py:160] - Error al enviar mensaje desde web-2-1-0b9529: received 1005 (no status received [internal]); then sent 1005 (no status received [internal])
2025-06-07 19:28:11,746 - minka.test.test_concurrencia - ERROR - [test_concurrencia.py:160] - Error al enviar mensaje desde mobile-0-0-40379e: received 1005 (no status received [internal]); then sent 1005 (no status received [internal])
2025-06-07 19:28:11,841 - minka.test.test_concurrencia - ERROR - [test_concurrencia.py:203] - Cliente mobile-1-0-baab2d ya está conectado, no puede salir de doze
2025-06-07 19:28:12,352 - minka.test.test_concurrencia - ERROR - [test_concurrencia.py:160] - Error al enviar mensaje desde web-4-1-6638a7: received 1005 (no status received [internal]); then sent 1005 (no status received [internal])
2025-06-07 19:28:12,756 - minka.test.test_concurrencia - ERROR - [test_concurrencia.py:160] - Error al enviar mensaje desde web-4-1-6638a7: received 1005 (no status received [internal]); then sent 1005 (no status received [internal])
2025-06-07 19:28:12,886 - minka.test.test_concurrencia - ERROR - [test_concurrencia.py:203] - Cliente mobile-0-0-40379e ya está conectado, no puede salir de doze
2025-06-07 19:28:13,061 - minka.test.test_concurrencia - ERROR - [test_concurrencia.py:160] - Error al enviar mensaje desde mobile-0-0-40379e: received 1005 (no status received [internal]); then sent 1005 (no status received [internal])
2025-06-07 19:28:13,162 - minka.test.test_concurrencia - ERROR - [test_concurrencia.py:160] - Error al enviar mensaje desde web-4-1-6638a7: received 1005 (no status received [internal]); then sent 1005 (no status received [internal])
2025-06-07 19:28:13,468 - minka.test.test_concurrencia - ERROR - [test_concurrencia.py:160] - Error al enviar mensaje desde web-4-1-6638a7: received 1005 (no status received [internal]); then sent 1005 (no status received [internal])
2025-06-07 19:28:13,669 - minka.test.test_concurrencia - ERROR - [test_concurrencia.py:196] - Error al entrar en doze para mobile-1-0-baab2d: received 1005 (no status received [internal]); then sent 1005 (no status received [internal])
2025-06-07 19:28:13,673 - minka.test.test_concurrencia - ERROR - [test_concurrencia.py:134] - Cliente mobile-4-0-66eb88 no pudo unirse a sala: {'info': 'Reconectado desde modo doze. Verificando mensajes pendientes...'}
2025-06-07 19:28:13,674 - minka.test.test_concurrencia - ERROR - [test_concurrencia.py:223] - Cliente mobile-4-0-66eb88 falló al salir del modo doze
2025-06-07 19:28:13,745 - minka.test.test_concurrencia - ERROR - [test_concurrencia.py:203] - Cliente mobile-1-0-baab2d ya está conectado, no puede salir de doze
2025-06-07 19:28:13,771 - minka.test.test_concurrencia - ERROR - [test_concurrencia.py:160] - Error al enviar mensaje desde web-3-1-04223b: received 1005 (no status received [internal]); then sent 1005 (no status received [internal])
2025-06-07 19:28:14,076 - minka.test.test_concurrencia - ERROR - [test_concurrencia.py:160] - Error al enviar mensaje desde mobile-1-0-baab2d: received 1005 (no status received [internal]); then sent 1005 (no status received [internal])
2025-06-07 19:28:14,381 - minka.test.test_concurrencia - ERROR - [test_concurrencia.py:160] - Error al enviar mensaje desde mobile-0-0-40379e: received 1005 (no status received [internal]); then sent 1005 (no status received [internal])
2025-06-07 19:28:14,582 - minka.test.test_concurrencia - ERROR - [test_concurrencia.py:160] - Error al enviar mensaje desde web-2-1-0b9529: received 1005 (no status received [internal]); then sent 1005 (no status received [internal])
2025-06-07 19:28:14,683 - minka.test.test_concurrencia - ERROR - [test_concurrencia.py:160] - Error al enviar mensaje desde web-2-1-0b9529: received 1005 (no status received [internal]); then sent 1005 (no status received [internal])
2025-06-07 19:28:14,886 - minka.test.test_concurrencia - ERROR - [test_concurrencia.py:160] - Error al enviar mensaje desde web-2-1-0b9529: received 1005 (no status received [internal]); then sent 1005 (no status received [internal])
2025-06-07 19:28:15,291 - minka.test.test_concurrencia - ERROR - [test_concurrencia.py:160] - Error al enviar mensaje desde web-3-1-04223b: received 1005 (no status received [internal]); then sent 1005 (no status received [internal])
2025-06-07 19:28:15,392 - minka.test.test_concurrencia - ERROR - [test_concurrencia.py:160] - Error al enviar mensaje desde mobile-0-0-40379e: received 1005 (no status received [internal]); then sent 1005 (no status received [internal])
2025-06-07 19:28:15,493 - minka.test.test_concurrencia - ERROR - [test_concurrencia.py:160] - Error al enviar mensaje desde mobile-1-0-baab2d: received 1005 (no status received [internal]); then sent 1005 (no status received [internal])
2025-06-07 19:28:15,797 - minka.test.test_concurrencia - ERROR - [test_concurrencia.py:160] - Error al enviar mensaje desde web-3-1-04223b: received 1005 (no status received [internal]); then sent 1005 (no status received [internal])
2025-06-07 19:28:15,847 - minka.test.test_concurrencia - ERROR - [test_concurrencia.py:134] - Cliente mobile-3-0-412e96 no pudo unirse a sala: {'info': 'Reconectado desde modo doze. Verificando mensajes pendientes...'}
2025-06-07 19:28:15,848 - minka.test.test_concurrencia - ERROR - [test_concurrencia.py:223] - Cliente mobile-3-0-412e96 falló al salir del modo doze
2025-06-07 19:28:16,001 - minka.test.test_concurrencia - ERROR - [test_concurrencia.py:160] - Error al enviar mensaje desde mobile-1-0-baab2d: received 1005 (no status received [internal]); then sent 1005 (no status received [internal])
2025-06-07 19:28:16,014 - minka.test.test_concurrencia - ERROR - [test_concurrencia.py:203] - Cliente mobile-1-0-baab2d ya está conectado, no puede salir de doze
2025-06-07 19:28:16,203 - minka.test.test_concurrencia - ERROR - [test_concurrencia.py:160] - Error al enviar mensaje desde mobile-1-0-baab2d: received 1005 (no status received [internal]); then sent 1005 (no status received [internal])
2025-06-07 19:28:16,304 - minka.test.test_concurrencia - ERROR - [test_concurrencia.py:160] - Error al enviar mensaje desde web-4-1-6638a7: received 1005 (no status received [internal]); then sent 1005 (no status received [internal])
2025-06-07 19:28:16,405 - minka.test.test_concurrencia - ERROR - [test_concurrencia.py:160] - Error al enviar mensaje desde mobile-1-0-baab2d: received 1005 (no status received [internal]); then sent 1005 (no status received [internal])
2025-06-07 19:28:16,709 - minka.test.test_concurrencia - ERROR - [test_concurrencia.py:160] - Error al enviar mensaje desde mobile-0-0-40379e: received 1005 (no status received [internal]); then sent 1005 (no status received [internal])
2025-06-07 19:28:16,810 - minka.test.test_concurrencia - ERROR - [test_concurrencia.py:160] - Error al enviar mensaje desde web-4-1-6638a7: received 1005 (no status received [internal]); then sent 1005 (no status received [internal])
2025-06-07 19:28:17,012 - minka.test.test_concurrencia - ERROR - [test_concurrencia.py:160] - Error al enviar mensaje desde web-3-1-04223b: received 1005 (no status received [internal]); then sent 1005 (no status received [internal])
2025-06-07 19:28:17,418 - minka.test.test_concurrencia - ERROR - [test_concurrencia.py:160] - Error al enviar mensaje desde web-2-1-0b9529: received 1005 (no status received [internal]); then sent 1005 (no status received [internal])
2025-06-07 19:28:17,519 - minka.test.test_concurrencia - ERROR - [test_concurrencia.py:160] - Error al enviar mensaje desde web-3-1-04223b: received 1005 (no status received [internal]); then sent 1005 (no status received [internal])
2025-06-07 19:28:17,620 - minka.test.test_concurrencia - ERROR - [test_concurrencia.py:160] - Error al enviar mensaje desde mobile-1-0-baab2d: received 1005 (no status received [internal]); then sent 1005 (no status received [internal])
2025-06-07 19:28:17,923 - minka.test.test_concurrencia - ERROR - [test_concurrencia.py:160] - Error al enviar mensaje desde web-3-1-04223b: received 1005 (no status received [internal]); then sent 1005 (no status received [internal])
2025-06-07 19:28:18,126 - minka.test.test_concurrencia - ERROR - [test_concurrencia.py:160] - Error al enviar mensaje desde web-3-1-04223b: received 1005 (no status received [internal]); then sent 1005 (no status received [internal])
2025-06-07 19:28:18,227 - minka.test.test_concurrencia - ERROR - [test_concurrencia.py:160] - Error al enviar mensaje desde web-3-1-04223b: received 1005 (no status received [internal]); then sent 1005 (no status received [internal])
2025-06-07 19:28:18,328 - minka.test.test_concurrencia - ERROR - [test_concurrencia.py:160] - Error al enviar mensaje desde web-3-1-04223b: received 1005 (no status received [internal]); then sent 1005 (no status received [internal])
2025-06-07 19:28:18,429 - minka.test.test_concurrencia - ERROR - [test_concurrencia.py:160] - Error al enviar mensaje desde mobile-1-0-baab2d: received 1005 (no status received [internal]); then sent 1005 (no status received [internal])
2025-06-07 19:28:18,530 - minka.test.test_concurrencia - ERROR - [test_concurrencia.py:160] - Error al enviar mensaje desde web-4-1-6638a7: received 1005 (no status received [internal]); then sent 1005 (no status received [internal])
2025-06-07 19:28:18,835 - minka.test.test_concurrencia - ERROR - [test_concurrencia.py:160] - Error al enviar mensaje desde web-3-1-04223b: received 1005 (no status received [internal]); then sent 1005 (no status received [internal])
2025-06-07 19:28:19,240 - minka.test.test_concurrencia - ERROR - [test_concurrencia.py:160] - Error al enviar mensaje desde mobile-1-0-baab2d: received 1005 (no status received [internal]); then sent 1005 (no status received [internal])
2025-06-07 19:28:19,341 - minka.test.test_concurrencia - ERROR - [test_concurrencia.py:160] - Error al enviar mensaje desde mobile-0-0-40379e: received 1005 (no status received [internal]); then sent 1005 (no status received [internal])
2025-06-07 19:28:19,442 - minka.test.test_concurrencia - ERROR - [test_concurrencia.py:160] - Error al enviar mensaje desde mobile-1-0-baab2d: received 1005 (no status received [internal]); then sent 1005 (no status received [internal])
2025-06-07 19:28:19,543 - minka.test.test_concurrencia - ERROR - [test_concurrencia.py:160] - Error al enviar mensaje desde web-2-1-0b9529: received 1005 (no status received [internal]); then sent 1005 (no status received [internal])
2025-06-07 19:28:19,746 - minka.test.test_concurrencia - ERROR - [test_concurrencia.py:196] - Error al entrar en doze para mobile-0-0-40379e: received 1005 (no status received [internal]); then sent 1005 (no status received [internal])
2025-06-07 19:28:20,175 - minka.test.test_concurrencia - ERROR - [test_concurrencia.py:134] - Cliente mobile-3-0-412e96 no pudo unirse a sala: {'info': 'Reconectado desde modo doze. Verificando mensajes pendientes...'}
2025-06-07 19:28:20,175 - minka.test.test_concurrencia - ERROR - [test_concurrencia.py:223] - Cliente mobile-3-0-412e96 falló al salir del modo doze
2025-06-07 19:28:20,938 - minka.test.test_concurrencia - ERROR - [test_concurrencia.py:203] - Cliente mobile-0-0-40379e ya está conectado, no puede salir de doze
2025-06-07 19:28:20,960 - minka.test.test_concurrencia - ERROR - [test_concurrencia.py:160] - Error al enviar mensaje desde mobile-1-0-baab2d: received 1005 (no status received [internal]); then sent 1005 (no status received [internal])
2025-06-07 19:28:21,369 - minka.test.test_concurrencia - ERROR - [test_concurrencia.py:160] - Error al enviar mensaje desde web-3-1-04223b: received 1005 (no status received [internal]); then sent 1005 (no status received [internal])
2025-06-07 19:28:21,470 - minka.test.test_concurrencia - ERROR - [test_concurrencia.py:196] - Error al entrar en doze para mobile-1-0-baab2d: received 1005 (no status received [internal]); then sent 1005 (no status received [internal])
2025-06-07 19:28:21,470 - minka.test.test_concurrencia - ERROR - [test_concurrencia.py:160] - Error al enviar mensaje desde web-2-1-0b9529: received 1005 (no status received [internal]); then sent 1005 (no status received [internal])
2025-06-07 19:28:21,571 - minka.test.test_concurrencia - ERROR - [test_concurrencia.py:160] - Error al enviar mensaje desde mobile-1-0-baab2d: received 1005 (no status received [internal]); then sent 1005 (no status received [internal])
2025-06-07 19:28:21,874 - minka.test.test_concurrencia - ERROR - [test_concurrencia.py:196] - Error al entrar en doze para mobile-1-0-baab2d: received 1005 (no status received [internal]); then sent 1005 (no status received [internal])
2025-06-07 19:28:22,178 - minka.test.test_concurrencia - ERROR - [test_concurrencia.py:160] - Error al enviar mensaje desde mobile-0-0-40379e: received 1005 (no status received [internal]); then sent 1005 (no status received [internal])
2025-06-07 19:28:22,278 - minka.test.test_concurrencia - ERROR - [test_concurrencia.py:160] - Error al enviar mensaje desde web-2-1-0b9529: received 1005 (no status received [internal]); then sent 1005 (no status received [internal])
2025-06-07 19:28:22,379 - minka.test.test_concurrencia - ERROR - [test_concurrencia.py:160] - Error al enviar mensaje desde web-3-1-04223b: received 1005 (no status received [internal]); then sent 1005 (no status received [internal])
2025-06-07 19:28:22,684 - minka.test.test_concurrencia - ERROR - [test_concurrencia.py:160] - Error al enviar mensaje desde web-2-1-0b9529: received 1005 (no status received [internal]); then sent 1005 (no status received [internal])
2025-06-07 19:28:22,784 - minka.test.test_concurrencia - ERROR - [test_concurrencia.py:160] - Error al enviar mensaje desde mobile-1-0-baab2d: received 1005 (no status received [internal]); then sent 1005 (no status received [internal])
2025-06-07 19:28:23,390 - minka.test.test_concurrencia - ERROR - [test_concurrencia.py:160] - Error al enviar mensaje desde web-3-1-04223b: received 1005 (no status received [internal]); then sent 1005 (no status received [internal])
2025-06-07 19:28:23,491 - minka.test.test_concurrencia - ERROR - [test_concurrencia.py:160] - Error al enviar mensaje desde mobile-1-0-baab2d: received 1005 (no status received [internal]); then sent 1005 (no status received [internal])
2025-06-07 19:28:23,896 - minka.test.test_concurrencia - ERROR - [test_concurrencia.py:160] - Error al enviar mensaje desde web-3-1-04223b: received 1005 (no status received [internal]); then sent 1005 (no status received [internal])
2025-06-07 19:28:23,910 - minka.test.test_concurrencia - ERROR - [test_concurrencia.py:203] - Cliente mobile-1-0-baab2d ya está conectado, no puede salir de doze
2025-06-07 19:28:23,928 - minka.test.test_concurrencia - ERROR - [test_concurrencia.py:203] - Cliente mobile-1-0-baab2d ya está conectado, no puede salir de doze
2025-06-07 19:28:24,300 - minka.test.test_concurrencia - ERROR - [test_concurrencia.py:160] - Error al enviar mensaje desde web-2-1-0b9529: received 1005 (no status received [internal]); then sent 1005 (no status received [internal])
2025-06-07 19:28:24,804 - minka.test.test_concurrencia - ERROR - [test_concurrencia.py:196] - Error al entrar en doze para mobile-0-0-40379e: received 1005 (no status received [internal]); then sent 1005 (no status received [internal])
2025-06-07 19:28:24,805 - minka.test.test_concurrencia - ERROR - [test_concurrencia.py:160] - Error al enviar mensaje desde web-2-1-0b9529: received 1005 (no status received [internal]); then sent 1005 (no status received [internal])
2025-06-07 19:28:25,412 - minka.test.test_concurrencia - ERROR - [test_concurrencia.py:160] - Error al enviar mensaje desde mobile-1-0-baab2d: received 1005 (no status received [internal]); then sent 1005 (no status received [internal])
2025-06-07 19:28:25,716 - minka.test.test_concurrencia - ERROR - [test_concurrencia.py:196] - Error al entrar en doze para mobile-0-0-40379e: received 1005 (no status received [internal]); then sent 1005 (no status received [internal])
2025-06-07 19:28:25,718 - minka.test.test_concurrencia - ERROR - [test_concurrencia.py:160] - Error al enviar mensaje desde mobile-0-0-40379e: received 1005 (no status received [internal]); then sent 1005 (no status received [internal])
2025-06-07 19:28:26,021 - minka.test.test_concurrencia - ERROR - [test_concurrencia.py:160] - Error al enviar mensaje desde web-2-1-0b9529: received 1005 (no status received [internal]); then sent 1005 (no status received [internal])
2025-06-07 19:28:26,122 - minka.test.test_concurrencia - ERROR - [test_concurrencia.py:160] - Error al enviar mensaje desde mobile-0-0-40379e: received 1005 (no status received [internal]); then sent 1005 (no status received [internal])
2025-06-07 19:28:26,228 - minka.test.test_concurrencia - ERROR - [test_concurrencia.py:203] - Cliente mobile-0-0-40379e ya está conectado, no puede salir de doze
2025-06-07 19:28:26,323 - minka.test.test_concurrencia - ERROR - [test_concurrencia.py:160] - Error al enviar mensaje desde web-3-1-04223b: received 1005 (no status received [internal]); then sent 1005 (no status received [internal])
2025-06-07 19:28:27,236 - minka.test.test_concurrencia - ERROR - [test_concurrencia.py:160] - Error al enviar mensaje desde web-2-1-0b9529: received 1005 (no status received [internal]); then sent 1005 (no status received [internal])
2025-06-07 19:28:27,438 - minka.test.test_concurrencia - ERROR - [test_concurrencia.py:160] - Error al enviar mensaje desde web-4-1-6638a7: received 1005 (no status received [internal]); then sent 1005 (no status received [internal])
2025-06-07 19:28:27,452 - minka.test.test_concurrencia - ERROR - [test_concurrencia.py:203] - Cliente mobile-0-0-40379e ya está conectado, no puede salir de doze
2025-06-07 19:28:27,640 - minka.test.test_concurrencia - ERROR - [test_concurrencia.py:160] - Error al enviar mensaje desde mobile-1-0-baab2d: received 1005 (no status received [internal]); then sent 1005 (no status received [internal])
2025-06-07 19:28:27,741 - minka.test.test_concurrencia - ERROR - [test_concurrencia.py:160] - Error al enviar mensaje desde mobile-1-0-baab2d: received 1005 (no status received [internal]); then sent 1005 (no status received [internal])
2025-06-07 19:28:27,843 - minka.test.test_concurrencia - ERROR - [test_concurrencia.py:160] - Error al enviar mensaje desde web-3-1-04223b: received 1005 (no status received [internal]); then sent 1005 (no status received [internal])
2025-06-07 19:28:27,944 - minka.test.test_concurrencia - ERROR - [test_concurrencia.py:160] - Error al enviar mensaje desde mobile-1-0-baab2d: received 1005 (no status received [internal]); then sent 1005 (no status received [internal])
2025-06-07 19:28:28,045 - minka.test.test_concurrencia - ERROR - [test_concurrencia.py:160] - Error al enviar mensaje desde web-4-1-6638a7: received 1005 (no status received [internal]); then sent 1005 (no status received [internal])
2025-06-07 19:28:28,146 - minka.test.test_concurrencia - ERROR - [test_concurrencia.py:160] - Error al enviar mensaje desde web-3-1-04223b: received 1005 (no status received [internal]); then sent 1005 (no status received [internal])
2025-06-07 19:28:28,451 - minka.test.test_concurrencia - ERROR - [test_concurrencia.py:160] - Error al enviar mensaje desde web-2-1-0b9529: received 1005 (no status received [internal]); then sent 1005 (no status received [internal])
2025-06-07 19:28:29,159 - minka.test.test_concurrencia - ERROR - [test_concurrencia.py:160] - Error al enviar mensaje desde web-3-1-04223b: received 1005 (no status received [internal]); then sent 1005 (no status received [internal])
2025-06-07 19:28:29,563 - minka.test.test_concurrencia - ERROR - [test_concurrencia.py:160] - Error al enviar mensaje desde web-3-1-04223b: received 1005 (no status received [internal]); then sent 1005 (no status received [internal])
2025-06-07 19:28:29,667 - minka.test.test_concurrencia - ERROR - [test_concurrencia.py:160] - Error al enviar mensaje desde mobile-0-0-40379e: received 1005 (no status received [internal]); then sent 1005 (no status received [internal])
2025-06-07 19:28:30,243 - minka.test.test_concurrencia - ERROR - [test_concurrencia.py:134] - Cliente mobile-3-0-412e96 no pudo unirse a sala: {'info': 'Reconectado desde modo doze. Verificando mensajes pendientes...'}
2025-06-07 19:28:30,243 - minka.test.test_concurrencia - ERROR - [test_concurrencia.py:223] - Cliente mobile-3-0-412e96 falló al salir del modo doze
2025-06-07 19:36:54,998 - minka.test.test_entrega_mensajes - ERROR - [test_entrega_mensajes.py:387] - Error al entrar en modo doze para mobile-764d6a82: cannot call recv while another coroutine is already waiting for the next message
2025-06-07 19:36:59,508 - minka.test.test_entrega_mensajes - ERROR - [test_entrega_mensajes.py:393] - Cliente móvil mobile-764d6a82 no está en modo doze
2025-06-07 19:37:07,021 - minka.test.test_entrega_mensajes - ERROR - [test_entrega_mensajes.py:122] - Cliente mobile-764d6a82 no está conectado, no puede enviar mensaje
2025-06-07 19:37:07,523 - minka.test.test_entrega_mensajes - ERROR - [test_entrega_mensajes.py:122] - Cliente mobile-764d6a82 no está conectado, no puede enviar mensaje
2025-06-07 19:37:08,024 - minka.test.test_entrega_mensajes - ERROR - [test_entrega_mensajes.py:122] - Cliente mobile-764d6a82 no está conectado, no puede enviar mensaje
