2025-06-13 21:46:04 - INFO - [logger_config:setup_logging:97] - Logs configurados en: /Users/jerifcornejo/minka_project/minkaweb_server/minka_plantilla/logs
2025-06-13 21:46:04 - INFO - [logger_config:setup_logging:103] - Sistema de logging inicializado con nivel INFO
2025-06-13 21:46:04 - INFO - [logger_config:setup_logging:97] - Logs configurados en: /Users/jerifcornejo/minka_project/minkaweb_server/minka_plantilla/logs
2025-06-13 21:46:04 - INFO - [logger_config:setup_logging:103] - Sistema de logging inicializado con nivel INFO
2025-06-13 21:46:04 - INFO - [session:init_redis_client:42] - [REDIS_INIT] Conectando a Redis en localhost:6379, DB: 0
2025-06-13 21:46:04 - ERROR - [session:init_redis_client:48] - [REDIS_INIT] No se pudo conectar a Redis: Error Multiple exceptions: [Errno 61] Connect call failed ('::1', 6379, 0, 0), [Errno 61] Connect call failed ('127.0.0.1', 6379) connecting to localhost:6379.
2025-06-13 21:46:04 - CRITICAL - [main:main:36] - [MAIN] No se pudo inicializar Redis al arrancar: Error Multiple exceptions: [Errno 61] Connect call failed ('::1', 6379, 0, 0), [Errno 61] Connect call failed ('127.0.0.1', 6379) connecting to localhost:6379.. Saliendo.
2025-06-13 21:46:04 - INFO - [run:<module>:34] - Servidor Minka detenido. Saliendo...
2025-06-13 21:46:34 - INFO - [logger_config:setup_logging:97] - Logs configurados en: /Users/jerifcornejo/minka_project/minkaweb_server/minka_plantilla/logs
2025-06-13 21:46:34 - INFO - [logger_config:setup_logging:103] - Sistema de logging inicializado con nivel INFO
2025-06-13 21:46:34 - INFO - [logger_config:setup_logging:97] - Logs configurados en: /Users/jerifcornejo/minka_project/minkaweb_server/minka_plantilla/logs
2025-06-13 21:46:34 - INFO - [logger_config:setup_logging:103] - Sistema de logging inicializado con nivel INFO
2025-06-13 21:46:34 - INFO - [session:init_redis_client:42] - [REDIS_INIT] Conectando a Redis en localhost:6379, DB: 0
2025-06-13 21:46:34 - INFO - [session:init_redis_client:46] - [REDIS_INIT] Conexión a Redis establecida y verificada (ping exitoso).
2025-06-13 21:46:34 - INFO - [main:main:50] - Servidor MinkaV2 (Async Redis) iniciado en http://localhost:5001
2025-06-13 21:46:34 - INFO - [session_cleanup:initialize_server_state_from_redis:156] - [INIT] Inicializando estado del servidor desde Redis...
2025-06-13 21:46:34 - INFO - [session_cleanup:initialize_server_state_from_redis:235] - [INIT] Inicialización de estado del servidor desde Redis completada.
2025-06-13 21:46:39 - INFO - [web:log_request:2348] - 101 GET /ws?action=create&client_id=web-client-1749869199526 (::1) 3.16ms
2025-06-13 21:46:39 - INFO - [room_manager:handle_create_room:76] - [WS-OPEN] Sala id-dde43d6d33f64913adbcaa875111ee41 creada por web-client-1749869199526. Contraseña: 58FD3B. Esperando peer.
2025-06-13 21:48:03 - INFO - [web:log_request:2348] - 101 GET /ws?action=join&client_id=python-client-f325bd68-4211-49c4-9de8-b70b98b7d366&room_id=d-dde43d6d33f64913adbcaa875111ee41&password=58FD3B (::1) 1.45ms
2025-06-13 21:48:03 - WARNING - [room_manager:handle_join_room:88] - [WS-OPEN] python-client-f325bd68-4211-49c4-9de8-b70b98b7d366 - Intento de unirse a sala d-dde43d6d33f64913adbcaa875111ee41 con ID/password incorrecto.
2025-06-13 21:48:03 - INFO - [websocket_handler:on_close:126] - [CLOSE] Conexión WebSocket cerrada para None (móvil: None) en None. Intencional: True, Código: 1000, Razón: None
2025-06-13 21:48:03 - INFO - [websocket_handler:on_close:134] - [CLOSE] Cierre fue intencional para None (móvil: None). Limpieza principal ya realizada.
2025-06-13 21:48:28 - INFO - [web:log_request:2348] - 101 GET /ws?action=join&client_id=python-client-3df9dcf3-1034-47db-bfc3-98bc123bc4cc&room_id=d-dde43d6d33f64913adbcaa875111ee41&password=58FD3B (::1) 0.29ms
2025-06-13 21:48:28 - WARNING - [room_manager:handle_join_room:88] - [WS-OPEN] python-client-3df9dcf3-1034-47db-bfc3-98bc123bc4cc - Intento de unirse a sala d-dde43d6d33f64913adbcaa875111ee41 con ID/password incorrecto.
2025-06-13 21:48:28 - INFO - [websocket_handler:on_close:126] - [CLOSE] Conexión WebSocket cerrada para None (móvil: None) en None. Intencional: True, Código: 1000, Razón: None
2025-06-13 21:48:28 - INFO - [websocket_handler:on_close:134] - [CLOSE] Cierre fue intencional para None (móvil: None). Limpieza principal ya realizada.
2025-06-13 21:48:38 - INFO - [web:log_request:2348] - 200 GET /monitor (::1) 8.01ms
2025-06-13 21:48:38 - WARNING - [web:log_request:2348] - 404 GET /favicon.ico (::1) 0.60ms
2025-06-13 21:48:43 - INFO - [web:log_request:2348] - 304 GET /monitor (::1) 10.50ms
2025-06-13 21:48:52 - INFO - [websocket_handler:on_close:126] - [CLOSE] Conexión WebSocket cerrada para web-client-1749869199526 (móvil: False) en id-dde43d6d33f64913adbcaa875111ee41. Intencional: False, Código: 1001, Razón: None
2025-06-13 21:48:52 - INFO - [room_manager:cleanup_client_and_session:271] - [CLOSE] Cliente web-client-1749869199526 estaba en estado 'waiting_for_peer', no se marca como pending_reconnect.
2025-06-13 21:48:52 - INFO - [web:log_request:2348] - 101 GET /ws?action=create&client_id=web-client-1749869332964 (::1) 0.41ms
2025-06-13 21:48:52 - INFO - [room_manager:handle_create_room:76] - [WS-OPEN] Sala id-8be0659bcc5349deb33a35025fc5239b creada por web-client-1749869332964. Contraseña: 1F2B85. Esperando peer.
2025-06-13 21:49:00 - INFO - [web:log_request:2348] - 200 GET /monitor (::1) 5.16ms
2025-06-13 21:49:02 - INFO - [web:log_request:2348] - 304 GET /monitor (::1) 9.81ms
2025-06-13 21:49:32 - INFO - [web:log_request:2348] - 304 GET /monitor (::1) 13.13ms
2025-06-13 21:49:47 - INFO - [web:log_request:2348] - 101 GET /ws?action=join&client_id=python-client-aaa45c0e-e92a-4163-af78-a3b1e817628e&room_id=8be0659bcc5349deb33a35025fc5239b&password=1F2B85 (::1) 0.33ms
2025-06-13 21:49:47 - WARNING - [room_manager:handle_join_room:88] - [WS-OPEN] python-client-aaa45c0e-e92a-4163-af78-a3b1e817628e - Intento de unirse a sala 8be0659bcc5349deb33a35025fc5239b con ID/password incorrecto.
2025-06-13 21:49:47 - INFO - [websocket_handler:on_close:126] - [CLOSE] Conexión WebSocket cerrada para None (móvil: None) en None. Intencional: True, Código: 1000, Razón: None
2025-06-13 21:49:47 - INFO - [websocket_handler:on_close:134] - [CLOSE] Cierre fue intencional para None (móvil: None). Limpieza principal ya realizada.
2025-06-13 21:50:02 - INFO - [web:log_request:2348] - 304 GET /monitor (::1) 9.89ms
2025-06-13 21:50:32 - INFO - [web:log_request:2348] - 304 GET /monitor (::1) 9.63ms
2025-06-13 21:51:02 - INFO - [web:log_request:2348] - 304 GET /monitor (::1) 7.88ms
2025-06-13 21:51:33 - INFO - [web:log_request:2348] - 304 GET /monitor (::1) 13.55ms
2025-06-13 21:52:03 - INFO - [web:log_request:2348] - 304 GET /monitor (::1) 6.97ms
2025-06-13 21:52:33 - INFO - [web:log_request:2348] - 304 GET /monitor (::1) 17.36ms
2025-06-13 21:53:03 - INFO - [web:log_request:2348] - 304 GET /monitor (::1) 17.83ms
2025-06-13 21:53:33 - INFO - [web:log_request:2348] - 304 GET /monitor (::1) 11.39ms
2025-06-13 21:54:04 - INFO - [web:log_request:2348] - 304 GET /monitor (::1) 26.86ms
2025-06-13 21:54:34 - INFO - [web:log_request:2348] - 304 GET /monitor (::1) 10.90ms
2025-06-13 21:55:04 - INFO - [web:log_request:2348] - 304 GET /monitor (::1) 12.70ms
2025-06-13 21:55:34 - INFO - [web:log_request:2348] - 304 GET /monitor (::1) 7.53ms
2025-06-13 21:56:04 - INFO - [web:log_request:2348] - 304 GET /monitor (::1) 10.23ms
2025-06-13 21:56:35 - INFO - [web:log_request:2348] - 304 GET /monitor (::1) 11.58ms
2025-06-13 21:56:42 - INFO - [websocket_handler:on_close:126] - [CLOSE] Conexión WebSocket cerrada para web-client-1749869332964 (móvil: False) en id-8be0659bcc5349deb33a35025fc5239b. Intencional: False, Código: 1001, Razón: None
2025-06-13 21:56:42 - INFO - [room_manager:cleanup_client_and_session:271] - [CLOSE] Cliente web-client-1749869332964 estaba en estado 'waiting_for_peer', no se marca como pending_reconnect.
2025-06-13 21:56:43 - INFO - [web:log_request:2348] - 101 GET /ws?action=create&client_id=web-client-1749869803578 (::1) 1.27ms
2025-06-13 21:56:43 - INFO - [room_manager:handle_create_room:76] - [WS-OPEN] Sala id-0ed1fa0da15644bc9c4886feffab8770 creada por web-client-1749869803578. Contraseña: 2CFCE4. Esperando peer.
2025-06-13 21:57:05 - INFO - [web:log_request:2348] - 200 GET /monitor (::1) 21.50ms
2025-06-13 21:57:35 - INFO - [web:log_request:2348] - 304 GET /monitor (::1) 18.69ms
2025-06-13 21:57:53 - INFO - [web:log_request:2348] - 101 GET /ws?action=join&client_id=python-client-7b39bc53-b526-4ed6-a8dc-de10de4061e1&room_id=0ed1fa0da15644bc9c4886feffab8770&password=2CFCE4 (::1) 0.47ms
2025-06-13 21:57:53 - WARNING - [room_manager:handle_join_room:88] - [WS-OPEN] python-client-7b39bc53-b526-4ed6-a8dc-de10de4061e1 - Intento de unirse a sala 0ed1fa0da15644bc9c4886feffab8770 con ID/password incorrecto.
2025-06-13 21:57:53 - INFO - [websocket_handler:on_close:126] - [CLOSE] Conexión WebSocket cerrada para None (móvil: None) en None. Intencional: True, Código: 1000, Razón: None
2025-06-13 21:57:53 - INFO - [websocket_handler:on_close:134] - [CLOSE] Cierre fue intencional para None (móvil: None). Limpieza principal ya realizada.
2025-06-13 21:57:59 - INFO - [web:log_request:2348] - 101 GET /ws?action=join&client_id=python-client-be302c4a-6f5c-462b-b08f-c2f449ee0788&room_id=0ed1fa0da15644bc9c4886feffab8770&password=2CFCE4 (::1) 0.32ms
2025-06-13 21:57:59 - WARNING - [room_manager:handle_join_room:88] - [WS-OPEN] python-client-be302c4a-6f5c-462b-b08f-c2f449ee0788 - Intento de unirse a sala 0ed1fa0da15644bc9c4886feffab8770 con ID/password incorrecto.
2025-06-13 21:57:59 - INFO - [websocket_handler:on_close:126] - [CLOSE] Conexión WebSocket cerrada para None (móvil: None) en None. Intencional: True, Código: 1000, Razón: None
2025-06-13 21:57:59 - INFO - [websocket_handler:on_close:134] - [CLOSE] Cierre fue intencional para None (móvil: None). Limpieza principal ya realizada.
2025-06-13 21:58:05 - INFO - [web:log_request:2348] - 304 GET /monitor (::1) 10.46ms
2025-06-13 21:58:10 - INFO - [web:log_request:2348] - 101 GET /ws?client_id=web-cc8f6c50&action=create (::1) 0.32ms
2025-06-13 21:58:10 - INFO - [room_manager:handle_create_room:76] - [WS-OPEN] Sala id-621ab4842a5f4a6483ca57102dea0883 creada por web-cc8f6c50. Contraseña: 50CB82. Esperando peer.
2025-06-13 21:58:10 - INFO - [web:log_request:2348] - 101 GET /ws?client_id=mobile-32415a4d&action=join&room_id=id-621ab4842a5f4a6483ca57102dea0883&room_password=50CB82 (::1) 0.19ms
2025-06-13 21:58:10 - INFO - [jwt_manager:generate_and_distribute_jwts:91] - [JWT-DIST] Token JWT actualizado y enviado a web-cc8f6c50 (móvil: False) en sala id-621ab4842a5f4a6483ca57102dea0883.
2025-06-13 21:58:10 - INFO - [jwt_manager:generate_and_distribute_jwts:91] - [JWT-DIST] Token JWT actualizado y enviado a mobile-32415a4d (móvil: True) en sala id-621ab4842a5f4a6483ca57102dea0883.
2025-06-13 21:58:10 - INFO - [room_manager:handle_join_room:155] - [WS-JOIN] Cliente mobile-32415a4d (móvil: True) se unió a sala id-621ab4842a5f4a6483ca57102dea0883.
2025-06-13 21:58:11 - INFO - [message_processor:broadcast_message:172] - [BROADCAST] Mensaje 1749869891.345857-a6da2548 de web-cc8f6c50 enviado en sala id-621ab4842a5f4a6483ca57102dea0883.
2025-06-13 21:58:11 - INFO - [message_processor:broadcast_message:172] - [BROADCAST] Mensaje 1749869891.350323-14ce20c4 de mobile-32415a4d enviado en sala id-621ab4842a5f4a6483ca57102dea0883.
2025-06-13 21:58:11 - INFO - [websocket_handler:on_close:126] - [CLOSE] Conexión WebSocket cerrada para web-cc8f6c50 (móvil: False) en id-621ab4842a5f4a6483ca57102dea0883. Intencional: False, Código: 1000, Razón: None
2025-06-13 21:58:11 - INFO - [room_manager:cleanup_client_and_session:271] - [CLOSE] Cliente web-cc8f6c50 estaba en estado 'waiting_for_peer', no se marca como pending_reconnect.
2025-06-13 21:58:11 - INFO - [web:log_request:2348] - 101 GET /ws?client_id=web-cc8f6c50&jwt_token=eyJhbGciOiJIUzI1NiIsInR5cCI6IkpXVCJ9.eyJjbGllbnRfaWQiOiJ3ZWItY2M4ZjZjNTAiLCJyb29tX2lkIjoiaWQtNjIxYWI0ODQyYTVmNGE2NDgzY2E1NzEwMmRlYTA4ODMiLCJleHAiOjE3NTA0NzQ2OTAuODM4OTQwOSwiaWF0IjoxNzQ5ODY5ODkwLjgzODk0MiwianRpIjoiYzJlYTQzMjQxM2Y0NDRlZWI3YmU0NzNjYmRhZjNlNGIifQ.rjLlJT3jVPXWmG0KYj8_aVUYAuS2xTGlGKXAmyGTddA (::1) 4.23ms
2025-06-13 21:58:11 - INFO - [room_manager:handle_reconnection_with_jwt:249] - [WS-OPEN] Cliente web-cc8f6c50 reconectado y validado en sala id-621ab4842a5f4a6483ca57102dea0883.
2025-06-13 21:58:12 - INFO - [message_processor:broadcast_message:172] - [BROADCAST] Mensaje 1749869892.872763-1888548d de web-cc8f6c50 enviado en sala id-621ab4842a5f4a6483ca57102dea0883.
2025-06-13 21:58:12 - INFO - [websocket_handler:on_close:126] - [CLOSE] Conexión WebSocket cerrada para mobile-32415a4d (móvil: True) en id-621ab4842a5f4a6483ca57102dea0883. Intencional: False, Código: 1000, Razón: None
2025-06-13 21:58:12 - INFO - [room_manager:cleanup_client_and_session:269] - [CLOSE] Cliente mobile-32415a4d marcado como 'pending_reconnect'.
2025-06-13 21:58:12 - INFO - [web:log_request:2348] - 101 GET /ws?client_id=mobile-32415a4d&jwt_token=eyJhbGciOiJIUzI1NiIsInR5cCI6IkpXVCJ9.eyJjbGllbnRfaWQiOiJtb2JpbGUtMzI0MTVhNGQiLCJyb29tX2lkIjoiaWQtNjIxYWI0ODQyYTVmNGE2NDgzY2E1NzEwMmRlYTA4ODMiLCJleHAiOjE3NTA0NzQ2OTAuODQwNDY3LCJpYXQiOjE3NDk4Njk4OTAuODQwNDY4LCJqdGkiOiJmNDIxZGUwOGY4ZTE0NzkzYmQ3MjM2N2M4NmUwYzAxNSJ9.Xzk9IFUldwjraY1yg21i11n3J_izO_pIoa2kofevL4c (::1) 0.59ms
2025-06-13 21:58:12 - INFO - [room_manager:handle_reconnection_with_jwt:249] - [WS-OPEN] Cliente mobile-32415a4d reconectado y validado en sala id-621ab4842a5f4a6483ca57102dea0883.
2025-06-13 21:58:14 - INFO - [message_processor:broadcast_message:172] - [BROADCAST] Mensaje 1749869894.403048-af0f572f de mobile-32415a4d enviado en sala id-621ab4842a5f4a6483ca57102dea0883.
2025-06-13 21:58:14 - INFO - [websocket_handler:on_close:126] - [CLOSE] Conexión WebSocket cerrada para web-cc8f6c50 (móvil: False) en id-621ab4842a5f4a6483ca57102dea0883. Intencional: False, Código: 1000, Razón: None
2025-06-13 21:58:14 - INFO - [room_manager:cleanup_client_and_session:269] - [CLOSE] Cliente web-cc8f6c50 marcado como 'pending_reconnect'.
2025-06-13 21:58:14 - INFO - [web:log_request:2348] - 101 GET /ws?client_id=web-cc8f6c50&jwt_token=invalid_token_123 (::1) 0.45ms
2025-06-13 21:58:14 - WARNING - [room_manager:handle_reconnection_with_jwt:194] - [WS-OPEN] web-cc8f6c50 - Token JWT inválido o expirado al reconectar.
2025-06-13 21:58:14 - INFO - [websocket_handler:on_close:126] - [CLOSE] Conexión WebSocket cerrada para None (móvil: None) en None. Intencional: True, Código: 1008, Razón: INVALID_TOKEN
2025-06-13 21:58:14 - INFO - [websocket_handler:on_close:134] - [CLOSE] Cierre fue intencional para None (móvil: None). Limpieza principal ya realizada.
2025-06-13 21:58:14 - INFO - [web:log_request:2348] - 101 GET /ws?client_id=web-cc8f6c50&jwt_token=eyJhbGciOiJIUzI1NiIsInR5cCI6IkpXVCJ9.eyJjbGllbnRfaWQiOiJ3ZWItY2M4ZjZjNTAiLCJyb29tX2lkIjoiaWQtNjIxYWI0ODQyYTVmNGE2NDgzY2E1NzEwMmRlYTA4ODMiLCJleHAiOjE3NTA0NzQ2OTAuODM4OTQwOSwiaWF0IjoxNzQ5ODY5ODkwLjgzODk0MiwianRpIjoiYzJlYTQzMjQxM2Y0NDRlZWI3YmU0NzNjYmRhZjNlNGIifQ.rjLlJT3jVPXWmG0KYj8_aVUYAuS2xTGlGKXAmyGTddA (::1) 0.36ms
2025-06-13 21:58:14 - INFO - [room_manager:handle_reconnection_with_jwt:249] - [WS-OPEN] Cliente web-cc8f6c50 reconectado y validado en sala id-621ab4842a5f4a6483ca57102dea0883.
2025-06-13 21:58:14 - INFO - [message_processor:handle_doze_start_action:86] - [DOZE] Cliente mobile-32415a4d entrando en modo doze en sala id-621ab4842a5f4a6483ca57102dea0883.
2025-06-13 21:58:14 - INFO - [websocket_handler:on_close:126] - [CLOSE] Conexión WebSocket cerrada para mobile-32415a4d (móvil: True) en id-621ab4842a5f4a6483ca57102dea0883. Intencional: True, Código: 1000, Razón: Client initiated doze mode
2025-06-13 21:58:14 - INFO - [websocket_handler:on_close:134] - [CLOSE] Cierre fue intencional para mobile-32415a4d (móvil: True). Limpieza principal ya realizada.
2025-06-13 21:58:14 - INFO - [web:log_request:2348] - 101 GET /ws?client_id=mobile-32415a4d&jwt_token=eyJhbGciOiJIUzI1NiIsInR5cCI6IkpXVCJ9.eyJjbGllbnRfaWQiOiJtb2JpbGUtMzI0MTVhNGQiLCJyb29tX2lkIjoiaWQtNjIxYWI0ODQyYTVmNGE2NDgzY2E1NzEwMmRlYTA4ODMiLCJleHAiOjE3NTA0NzQ2OTAuODQwNDY3LCJpYXQiOjE3NDk4Njk4OTAuODQwNDY4LCJqdGkiOiJmNDIxZGUwOGY4ZTE0NzkzYmQ3MjM2N2M4NmUwYzAxNSJ9.Xzk9IFUldwjraY1yg21i11n3J_izO_pIoa2kofevL4c (::1) 0.29ms
2025-06-13 21:58:14 - INFO - [room_manager:handle_reconnection_with_jwt:249] - [WS-OPEN] Cliente mobile-32415a4d reconectado y validado en sala id-621ab4842a5f4a6483ca57102dea0883.
2025-06-13 21:58:14 - INFO - [message_processor:broadcast_message:172] - [BROADCAST] Mensaje 1749869894.428884-3fe4f2d1 de web-cc8f6c50 enviado en sala id-621ab4842a5f4a6483ca57102dea0883.
2025-06-13 21:58:14 - INFO - [web:log_request:2348] - 101 GET /ws?client_id=web-error-test&action=join&room_id=sala-inexistente&room_password=password-falsa (::1) 0.26ms
2025-06-13 21:58:14 - WARNING - [room_manager:handle_join_room:88] - [WS-OPEN] web-error-test - Intento de unirse a sala sala-inexistente con ID/password incorrecto.
2025-06-13 21:58:14 - INFO - [websocket_handler:on_close:126] - [CLOSE] Conexión WebSocket cerrada para None (móvil: None) en None. Intencional: True, Código: 1000, Razón: None
2025-06-13 21:58:14 - INFO - [websocket_handler:on_close:134] - [CLOSE] Cierre fue intencional para None (móvil: None). Limpieza principal ya realizada.
2025-06-13 21:58:14 - INFO - [websocket_handler:on_close:126] - [CLOSE] Conexión WebSocket cerrada para web-cc8f6c50 (móvil: False) en id-621ab4842a5f4a6483ca57102dea0883. Intencional: False, Código: 1000, Razón: None
2025-06-13 21:58:14 - INFO - [room_manager:cleanup_client_and_session:269] - [CLOSE] Cliente web-cc8f6c50 marcado como 'pending_reconnect'.
2025-06-13 21:58:14 - INFO - [web:log_request:2348] - 101 GET /ws?client_id=web-cc8f6c50&jwt_token=eyJhbGciOiJIUzI1NiIsInR5cCI6IkpXVCJ9.eyJjbGllbnRfaWQiOiJ3ZWItY2M4ZjZjNTAiLCJyb29tX2lkIjoiaWQtNjIxYWI0ODQyYTVmNGE2NDgzY2E1NzEwMmRlYTA4ODMiLCJleHAiOjE3NTA0NzQ2OTAuODM4OTQwOSwiaWF0IjoxNzQ5ODY5ODkwLjgzODk0MiwianRpIjoiYzJlYTQzMjQxM2Y0NDRlZWI3YmU0NzNjYmRhZjNlNGIifQ.rjLlJT3jVPXWmG0KYj8_aVUYAuS2xTGlGKXAmyGTddA (::1) 0.18ms
2025-06-13 21:58:14 - INFO - [room_manager:handle_reconnection_with_jwt:249] - [WS-OPEN] Cliente web-cc8f6c50 reconectado y validado en sala id-621ab4842a5f4a6483ca57102dea0883.
2025-06-13 21:58:14 - INFO - [websocket_handler:on_close:126] - [CLOSE] Conexión WebSocket cerrada para mobile-32415a4d (móvil: True) en id-621ab4842a5f4a6483ca57102dea0883. Intencional: False, Código: 1000, Razón: None
2025-06-13 21:58:14 - INFO - [room_manager:cleanup_client_and_session:269] - [CLOSE] Cliente mobile-32415a4d marcado como 'pending_reconnect'.
2025-06-13 21:58:14 - INFO - [web:log_request:2348] - 101 GET /ws?client_id=mobile-32415a4d&jwt_token=eyJhbGciOiJIUzI1NiIsInR5cCI6IkpXVCJ9.eyJjbGllbnRfaWQiOiJtb2JpbGUtMzI0MTVhNGQiLCJyb29tX2lkIjoiaWQtNjIxYWI0ODQyYTVmNGE2NDgzY2E1NzEwMmRlYTA4ODMiLCJleHAiOjE3NTA0NzQ2OTAuODQwNDY3LCJpYXQiOjE3NDk4Njk4OTAuODQwNDY4LCJqdGkiOiJmNDIxZGUwOGY4ZTE0NzkzYmQ3MjM2N2M4NmUwYzAxNSJ9.Xzk9IFUldwjraY1yg21i11n3J_izO_pIoa2kofevL4c (::1) 0.19ms
2025-06-13 21:58:14 - INFO - [room_manager:handle_reconnection_with_jwt:249] - [WS-OPEN] Cliente mobile-32415a4d reconectado y validado en sala id-621ab4842a5f4a6483ca57102dea0883.
2025-06-13 21:58:14 - INFO - [message_processor:broadcast_message:172] - [BROADCAST] Mensaje 1749869894.441334-cf0c2676 de web-cc8f6c50 enviado en sala id-621ab4842a5f4a6483ca57102dea0883.
2025-06-13 21:58:14 - INFO - [websocket_handler:on_close:126] - [CLOSE] Conexión WebSocket cerrada para web-cc8f6c50 (móvil: False) en id-621ab4842a5f4a6483ca57102dea0883. Intencional: False, Código: 1000, Razón: None
2025-06-13 21:58:14 - INFO - [web:log_request:2348] - 101 GET /ws?client_id=web-cc8f6c50&jwt_token=eyJhbGciOiJIUzI1NiIsInR5cCI6IkpXVCJ9.eyJjbGllbnRfaWQiOiJ3ZWItY2M4ZjZjNTAiLCJyb29tX2lkIjoiaWQtNjIxYWI0ODQyYTVmNGE2NDgzY2E1NzEwMmRlYTA4ODMiLCJleHAiOjE3NTA0NzQ2OTAuODM4OTQwOSwiaWF0IjoxNzQ5ODY5ODkwLjgzODk0MiwianRpIjoiYzJlYTQzMjQxM2Y0NDRlZWI3YmU0NzNjYmRhZjNlNGIifQ.rjLlJT3jVPXWmG0KYj8_aVUYAuS2xTGlGKXAmyGTddA (::1) 0.15ms
2025-06-13 21:58:14 - INFO - [room_manager:cleanup_client_and_session:269] - [CLOSE] Cliente web-cc8f6c50 marcado como 'pending_reconnect'.
2025-06-13 21:58:14 - INFO - [room_manager:handle_reconnection_with_jwt:249] - [WS-OPEN] Cliente web-cc8f6c50 reconectado y validado en sala id-621ab4842a5f4a6483ca57102dea0883.
2025-06-13 21:58:14 - INFO - [websocket_handler:on_close:126] - [CLOSE] Conexión WebSocket cerrada para mobile-32415a4d (móvil: True) en id-621ab4842a5f4a6483ca57102dea0883. Intencional: False, Código: 1000, Razón: None
2025-06-13 21:58:14 - INFO - [room_manager:cleanup_client_and_session:269] - [CLOSE] Cliente mobile-32415a4d marcado como 'pending_reconnect'.
2025-06-13 21:58:14 - INFO - [web:log_request:2348] - 101 GET /ws?client_id=mobile-32415a4d&jwt_token=eyJhbGciOiJIUzI1NiIsInR5cCI6IkpXVCJ9.eyJjbGllbnRfaWQiOiJtb2JpbGUtMzI0MTVhNGQiLCJyb29tX2lkIjoiaWQtNjIxYWI0ODQyYTVmNGE2NDgzY2E1NzEwMmRlYTA4ODMiLCJleHAiOjE3NTA0NzQ2OTAuODQwNDY3LCJpYXQiOjE3NDk4Njk4OTAuODQwNDY4LCJqdGkiOiJmNDIxZGUwOGY4ZTE0NzkzYmQ3MjM2N2M4NmUwYzAxNSJ9.Xzk9IFUldwjraY1yg21i11n3J_izO_pIoa2kofevL4c (::1) 0.18ms
2025-06-13 21:58:14 - INFO - [room_manager:handle_reconnection_with_jwt:249] - [WS-OPEN] Cliente mobile-32415a4d reconectado y validado en sala id-621ab4842a5f4a6483ca57102dea0883.
2025-06-13 21:58:14 - INFO - [message_processor:broadcast_message:172] - [BROADCAST] Mensaje 1749869894.449255-a469fa50 de web-cc8f6c50 enviado en sala id-621ab4842a5f4a6483ca57102dea0883.
2025-06-13 21:58:14 - INFO - [websocket_handler:on_close:126] - [CLOSE] Conexión WebSocket cerrada para web-cc8f6c50 (móvil: False) en id-621ab4842a5f4a6483ca57102dea0883. Intencional: False, Código: 1000, Razón: None
2025-06-13 21:58:14 - INFO - [room_manager:cleanup_client_and_session:269] - [CLOSE] Cliente web-cc8f6c50 marcado como 'pending_reconnect'.
2025-06-13 21:58:14 - INFO - [web:log_request:2348] - 101 GET /ws?client_id=web-cc8f6c50&jwt_token=eyJhbGciOiJIUzI1NiIsInR5cCI6IkpXVCJ9.eyJjbGllbnRfaWQiOiJ3ZWItY2M4ZjZjNTAiLCJyb29tX2lkIjoiaWQtNjIxYWI0ODQyYTVmNGE2NDgzY2E1NzEwMmRlYTA4ODMiLCJleHAiOjE3NTA0NzQ2OTAuODM4OTQwOSwiaWF0IjoxNzQ5ODY5ODkwLjgzODk0MiwianRpIjoiYzJlYTQzMjQxM2Y0NDRlZWI3YmU0NzNjYmRhZjNlNGIifQ.rjLlJT3jVPXWmG0KYj8_aVUYAuS2xTGlGKXAmyGTddA (::1) 0.35ms
2025-06-13 21:58:14 - INFO - [room_manager:handle_reconnection_with_jwt:249] - [WS-OPEN] Cliente web-cc8f6c50 reconectado y validado en sala id-621ab4842a5f4a6483ca57102dea0883.
2025-06-13 21:58:14 - INFO - [websocket_handler:on_close:126] - [CLOSE] Conexión WebSocket cerrada para mobile-32415a4d (móvil: True) en id-621ab4842a5f4a6483ca57102dea0883. Intencional: False, Código: 1000, Razón: None
2025-06-13 21:58:14 - INFO - [room_manager:cleanup_client_and_session:269] - [CLOSE] Cliente mobile-32415a4d marcado como 'pending_reconnect'.
2025-06-13 21:58:14 - INFO - [web:log_request:2348] - 101 GET /ws?client_id=mobile-32415a4d&jwt_token=eyJhbGciOiJIUzI1NiIsInR5cCI6IkpXVCJ9.eyJjbGllbnRfaWQiOiJtb2JpbGUtMzI0MTVhNGQiLCJyb29tX2lkIjoiaWQtNjIxYWI0ODQyYTVmNGE2NDgzY2E1NzEwMmRlYTA4ODMiLCJleHAiOjE3NTA0NzQ2OTAuODQwNDY3LCJpYXQiOjE3NDk4Njk4OTAuODQwNDY4LCJqdGkiOiJmNDIxZGUwOGY4ZTE0NzkzYmQ3MjM2N2M4NmUwYzAxNSJ9.Xzk9IFUldwjraY1yg21i11n3J_izO_pIoa2kofevL4c (::1) 0.15ms
2025-06-13 21:58:14 - INFO - [room_manager:handle_reconnection_with_jwt:249] - [WS-OPEN] Cliente mobile-32415a4d reconectado y validado en sala id-621ab4842a5f4a6483ca57102dea0883.
2025-06-13 21:58:14 - INFO - [message_processor:broadcast_message:172] - [BROADCAST] Mensaje 1749869894.457519-eb075d4a de web-cc8f6c50 enviado en sala id-621ab4842a5f4a6483ca57102dea0883.
2025-06-13 21:58:14 - INFO - [websocket_handler:on_close:126] - [CLOSE] Conexión WebSocket cerrada para web-cc8f6c50 (móvil: False) en id-621ab4842a5f4a6483ca57102dea0883. Intencional: False, Código: 1000, Razón: None
2025-06-13 21:58:14 - INFO - [web:log_request:2348] - 101 GET /ws?client_id=web-cc8f6c50&jwt_token=eyJhbGciOiJIUzI1NiIsInR5cCI6IkpXVCJ9.eyJjbGllbnRfaWQiOiJ3ZWItY2M4ZjZjNTAiLCJyb29tX2lkIjoiaWQtNjIxYWI0ODQyYTVmNGE2NDgzY2E1NzEwMmRlYTA4ODMiLCJleHAiOjE3NTA0NzQ2OTAuODM4OTQwOSwiaWF0IjoxNzQ5ODY5ODkwLjgzODk0MiwianRpIjoiYzJlYTQzMjQxM2Y0NDRlZWI3YmU0NzNjYmRhZjNlNGIifQ.rjLlJT3jVPXWmG0KYj8_aVUYAuS2xTGlGKXAmyGTddA (::1) 0.16ms
2025-06-13 21:58:14 - INFO - [room_manager:cleanup_client_and_session:269] - [CLOSE] Cliente web-cc8f6c50 marcado como 'pending_reconnect'.
2025-06-13 21:58:14 - INFO - [room_manager:handle_reconnection_with_jwt:249] - [WS-OPEN] Cliente web-cc8f6c50 reconectado y validado en sala id-621ab4842a5f4a6483ca57102dea0883.
2025-06-13 21:58:14 - INFO - [websocket_handler:on_close:126] - [CLOSE] Conexión WebSocket cerrada para mobile-32415a4d (móvil: True) en id-621ab4842a5f4a6483ca57102dea0883. Intencional: False, Código: 1000, Razón: None
2025-06-13 21:58:14 - INFO - [room_manager:cleanup_client_and_session:269] - [CLOSE] Cliente mobile-32415a4d marcado como 'pending_reconnect'.
2025-06-13 21:58:14 - INFO - [web:log_request:2348] - 101 GET /ws?client_id=mobile-32415a4d&jwt_token=eyJhbGciOiJIUzI1NiIsInR5cCI6IkpXVCJ9.eyJjbGllbnRfaWQiOiJtb2JpbGUtMzI0MTVhNGQiLCJyb29tX2lkIjoiaWQtNjIxYWI0ODQyYTVmNGE2NDgzY2E1NzEwMmRlYTA4ODMiLCJleHAiOjE3NTA0NzQ2OTAuODQwNDY3LCJpYXQiOjE3NDk4Njk4OTAuODQwNDY4LCJqdGkiOiJmNDIxZGUwOGY4ZTE0NzkzYmQ3MjM2N2M4NmUwYzAxNSJ9.Xzk9IFUldwjraY1yg21i11n3J_izO_pIoa2kofevL4c (::1) 0.13ms
2025-06-13 21:58:14 - INFO - [room_manager:handle_reconnection_with_jwt:249] - [WS-OPEN] Cliente mobile-32415a4d reconectado y validado en sala id-621ab4842a5f4a6483ca57102dea0883.
2025-06-13 21:58:14 - INFO - [message_processor:broadcast_message:172] - [BROADCAST] Mensaje 1749869894.465065-adba9038 de web-cc8f6c50 enviado en sala id-621ab4842a5f4a6483ca57102dea0883.
2025-06-13 21:58:14 - INFO - [websocket_handler:on_close:126] - [CLOSE] Conexión WebSocket cerrada para web-cc8f6c50 (móvil: False) en id-621ab4842a5f4a6483ca57102dea0883. Intencional: False, Código: 1000, Razón: None
2025-06-13 21:58:14 - INFO - [room_manager:cleanup_client_and_session:269] - [CLOSE] Cliente web-cc8f6c50 marcado como 'pending_reconnect'.
2025-06-13 21:58:14 - INFO - [web:log_request:2348] - 101 GET /ws?client_id=web-cc8f6c50&jwt_token=eyJhbGciOiJIUzI1NiIsInR5cCI6IkpXVCJ9.eyJjbGllbnRfaWQiOiJ3ZWItY2M4ZjZjNTAiLCJyb29tX2lkIjoiaWQtNjIxYWI0ODQyYTVmNGE2NDgzY2E1NzEwMmRlYTA4ODMiLCJleHAiOjE3NTA0NzQ2OTAuODM4OTQwOSwiaWF0IjoxNzQ5ODY5ODkwLjgzODk0MiwianRpIjoiYzJlYTQzMjQxM2Y0NDRlZWI3YmU0NzNjYmRhZjNlNGIifQ.rjLlJT3jVPXWmG0KYj8_aVUYAuS2xTGlGKXAmyGTddA (::1) 0.29ms
2025-06-13 21:58:14 - INFO - [room_manager:handle_reconnection_with_jwt:249] - [WS-OPEN] Cliente web-cc8f6c50 reconectado y validado en sala id-621ab4842a5f4a6483ca57102dea0883.
2025-06-13 21:58:14 - INFO - [websocket_handler:on_close:126] - [CLOSE] Conexión WebSocket cerrada para mobile-32415a4d (móvil: True) en id-621ab4842a5f4a6483ca57102dea0883. Intencional: False, Código: 1000, Razón: None
2025-06-13 21:58:14 - INFO - [room_manager:cleanup_client_and_session:269] - [CLOSE] Cliente mobile-32415a4d marcado como 'pending_reconnect'.
2025-06-13 21:58:14 - INFO - [web:log_request:2348] - 101 GET /ws?client_id=mobile-32415a4d&jwt_token=eyJhbGciOiJIUzI1NiIsInR5cCI6IkpXVCJ9.eyJjbGllbnRfaWQiOiJtb2JpbGUtMzI0MTVhNGQiLCJyb29tX2lkIjoiaWQtNjIxYWI0ODQyYTVmNGE2NDgzY2E1NzEwMmRlYTA4ODMiLCJleHAiOjE3NTA0NzQ2OTAuODQwNDY3LCJpYXQiOjE3NDk4Njk4OTAuODQwNDY4LCJqdGkiOiJmNDIxZGUwOGY4ZTE0NzkzYmQ3MjM2N2M4NmUwYzAxNSJ9.Xzk9IFUldwjraY1yg21i11n3J_izO_pIoa2kofevL4c (::1) 0.19ms
2025-06-13 21:58:14 - INFO - [room_manager:handle_reconnection_with_jwt:249] - [WS-OPEN] Cliente mobile-32415a4d reconectado y validado en sala id-621ab4842a5f4a6483ca57102dea0883.
2025-06-13 21:58:14 - INFO - [message_processor:broadcast_message:172] - [BROADCAST] Mensaje 1749869894.473592-fb0bc4ab de web-cc8f6c50 enviado en sala id-621ab4842a5f4a6483ca57102dea0883.
2025-06-13 21:58:14 - INFO - [websocket_handler:on_close:126] - [CLOSE] Conexión WebSocket cerrada para web-cc8f6c50 (móvil: False) en id-621ab4842a5f4a6483ca57102dea0883. Intencional: False, Código: 1000, Razón: None
2025-06-13 21:58:14 - INFO - [websocket_handler:on_close:126] - [CLOSE] Conexión WebSocket cerrada para mobile-32415a4d (móvil: True) en id-621ab4842a5f4a6483ca57102dea0883. Intencional: False, Código: 1000, Razón: None
2025-06-13 21:58:14 - INFO - [room_manager:cleanup_client_and_session:269] - [CLOSE] Cliente web-cc8f6c50 marcado como 'pending_reconnect'.
2025-06-13 21:58:14 - INFO - [room_manager:cleanup_client_and_session:269] - [CLOSE] Cliente mobile-32415a4d marcado como 'pending_reconnect'.
2025-06-13 21:58:14 - INFO - [session:add_message_to_queue:275] - Mensaje encolado para mobile-32415a4d (móvil: True, dozing: False). Cola: 1. TTL: 604800s.
2025-06-13 21:58:14 - INFO - [session:add_message_to_queue:275] - Mensaje encolado para web-cc8f6c50 (móvil: False, dozing: False). Cola: 1. TTL: 604800s.
2025-06-13 21:58:14 - INFO - [session:add_message_to_queue:275] - Mensaje encolado para mobile-32415a4d (móvil: True, dozing: False). Cola: 2. TTL: 604800s.
2025-06-13 21:58:14 - INFO - [session:add_message_to_queue:275] - Mensaje encolado para mobile-32415a4d (móvil: True, dozing: False). Cola: 3. TTL: 604800s.
2025-06-13 21:58:14 - INFO - [session:add_message_to_queue:275] - Mensaje encolado para web-cc8f6c50 (móvil: False, dozing: False). Cola: 2. TTL: 604800s.
2025-06-13 21:58:14 - INFO - [session:add_message_to_queue:275] - Mensaje encolado para mobile-32415a4d (móvil: True, dozing: False). Cola: 4. TTL: 604800s.
2025-06-13 21:58:14 - INFO - [session:add_message_to_queue:275] - Mensaje encolado para web-cc8f6c50 (móvil: False, dozing: False). Cola: 3. TTL: 604800s.
2025-06-13 21:58:14 - INFO - [session:add_message_to_queue:275] - Mensaje encolado para mobile-32415a4d (móvil: True, dozing: False). Cola: 5. TTL: 604800s.
2025-06-13 21:58:14 - INFO - [session:add_message_to_queue:275] - Mensaje encolado para web-cc8f6c50 (móvil: False, dozing: False). Cola: 4. TTL: 604800s.
2025-06-13 21:58:14 - INFO - [session:add_message_to_queue:275] - Mensaje encolado para mobile-32415a4d (móvil: True, dozing: False). Cola: 6. TTL: 604800s.
2025-06-13 21:58:14 - INFO - [session:add_message_to_queue:275] - Mensaje encolado para web-cc8f6c50 (móvil: False, dozing: False). Cola: 5. TTL: 604800s.
2025-06-13 21:58:14 - INFO - [session:add_message_to_queue:275] - Mensaje encolado para mobile-32415a4d (móvil: True, dozing: False). Cola: 7. TTL: 604800s.
2025-06-13 21:58:14 - INFO - [session:add_message_to_queue:275] - Mensaje encolado para web-cc8f6c50 (móvil: False, dozing: False). Cola: 6. TTL: 604800s.
2025-06-13 21:58:35 - INFO - [web:log_request:2348] - 200 GET /monitor (::1) 19.11ms
2025-06-13 21:58:55 - INFO - [web:log_request:2348] - 101 GET /ws?action=join&client_id=python-client-a360fb59-6884-4967-a3a2-113eb73ecef5&room_id=0ed1fa0da15644bc9c4886feffab8770&password=2CFCE4 (::1) 0.34ms
2025-06-13 21:58:55 - WARNING - [room_manager:handle_join_room:88] - [WS-OPEN] python-client-a360fb59-6884-4967-a3a2-113eb73ecef5 - Intento de unirse a sala 0ed1fa0da15644bc9c4886feffab8770 con ID/password incorrecto.
2025-06-13 21:58:55 - INFO - [websocket_handler:on_close:126] - [CLOSE] Conexión WebSocket cerrada para None (móvil: None) en None. Intencional: True, Código: 1000, Razón: None
2025-06-13 21:58:55 - INFO - [websocket_handler:on_close:134] - [CLOSE] Cierre fue intencional para None (móvil: None). Limpieza principal ya realizada.
2025-06-13 21:59:06 - INFO - [web:log_request:2348] - 304 GET /monitor (::1) 10.77ms
2025-06-13 21:59:36 - INFO - [web:log_request:2348] - 304 GET /monitor (::1) 10.75ms
2025-06-13 21:59:36 - INFO - [web:log_request:2348] - 101 GET /ws?action=join&client_id=python-client-c1432069-024f-4b5b-992a-cc46030d566e&room_id=0ed1fa0da15644bc9c4886feffab8770&room_password=2CFCE4 (::1) 1.24ms
2025-06-13 21:59:36 - WARNING - [room_manager:handle_join_room:88] - [WS-OPEN] python-client-c1432069-024f-4b5b-992a-cc46030d566e - Intento de unirse a sala 0ed1fa0da15644bc9c4886feffab8770 con ID/password incorrecto.
2025-06-13 21:59:36 - INFO - [websocket_handler:on_close:126] - [CLOSE] Conexión WebSocket cerrada para None (móvil: None) en None. Intencional: True, Código: 1000, Razón: None
2025-06-13 21:59:36 - INFO - [websocket_handler:on_close:134] - [CLOSE] Cierre fue intencional para None (móvil: None). Limpieza principal ya realizada.
2025-06-13 21:59:39 - INFO - [web:log_request:2348] - 101 GET /ws?action=join&client_id=python-client-5b2ecd9d-881f-4bc5-8ef9-d481a0fb9f91&room_id=0ed1fa0da15644bc9c4886feffab8770&room_password=2CFCE4 (::1) 0.26ms
2025-06-13 21:59:39 - WARNING - [room_manager:handle_join_room:88] - [WS-OPEN] python-client-5b2ecd9d-881f-4bc5-8ef9-d481a0fb9f91 - Intento de unirse a sala 0ed1fa0da15644bc9c4886feffab8770 con ID/password incorrecto.
2025-06-13 21:59:39 - INFO - [websocket_handler:on_close:126] - [CLOSE] Conexión WebSocket cerrada para None (móvil: None) en None. Intencional: True, Código: 1000, Razón: None
2025-06-13 21:59:39 - INFO - [websocket_handler:on_close:134] - [CLOSE] Cierre fue intencional para None (móvil: None). Limpieza principal ya realizada.
2025-06-13 21:59:50 - INFO - [web:log_request:2348] - 101 GET /ws?action=join&client_id=python-client-394fed3d-b49d-4f36-8f92-a82641e17e57&room_id=0ed1fa0da15644bc9c4886feffab8770&room_password=2CFCE4 (::1) 4.95ms
2025-06-13 21:59:50 - WARNING - [room_manager:handle_join_room:88] - [WS-OPEN] python-client-394fed3d-b49d-4f36-8f92-a82641e17e57 - Intento de unirse a sala 0ed1fa0da15644bc9c4886feffab8770 con ID/password incorrecto.
2025-06-13 21:59:50 - INFO - [websocket_handler:on_close:126] - [CLOSE] Conexión WebSocket cerrada para None (móvil: None) en None. Intencional: True, Código: 1000, Razón: None
2025-06-13 21:59:50 - INFO - [websocket_handler:on_close:134] - [CLOSE] Cierre fue intencional para None (móvil: None). Limpieza principal ya realizada.
2025-06-13 22:00:06 - INFO - [web:log_request:2348] - 304 GET /monitor (::1) 14.37ms
2025-06-13 22:00:36 - INFO - [web:log_request:2348] - 304 GET /monitor (::1) 27.55ms
2025-06-13 22:01:06 - INFO - [web:log_request:2348] - 304 GET /monitor (::1) 15.47ms
2025-06-13 22:01:11 - INFO - [web:log_request:2348] - 101 GET /ws?action=join&client_id=python-client-cf4803e9-95be-4bcc-be65-28e044c91476&room_id=0ed1fa0da15644bc9c4886feffab8770&room_password=2CFCE4 (::1) 1.41ms
2025-06-13 22:01:11 - WARNING - [room_manager:handle_join_room:88] - [WS-OPEN] python-client-cf4803e9-95be-4bcc-be65-28e044c91476 - Intento de unirse a sala 0ed1fa0da15644bc9c4886feffab8770 con ID/password incorrecto.
2025-06-13 22:01:11 - INFO - [websocket_handler:on_close:126] - [CLOSE] Conexión WebSocket cerrada para None (móvil: None) en None. Intencional: True, Código: 1000, Razón: None
2025-06-13 22:01:11 - INFO - [websocket_handler:on_close:134] - [CLOSE] Cierre fue intencional para None (móvil: None). Limpieza principal ya realizada.
2025-06-13 22:01:24 - INFO - [websocket_handler:on_close:126] - [CLOSE] Conexión WebSocket cerrada para web-client-1749869803578 (móvil: False) en id-0ed1fa0da15644bc9c4886feffab8770. Intencional: False, Código: 1001, Razón: None
2025-06-13 22:01:24 - INFO - [room_manager:cleanup_client_and_session:271] - [CLOSE] Cliente web-client-1749869803578 estaba en estado 'waiting_for_peer', no se marca como pending_reconnect.
2025-06-13 22:01:24 - INFO - [web:log_request:2348] - 101 GET /ws?action=create&client_id=web-client-1749870084897 (::1) 0.56ms
2025-06-13 22:01:24 - INFO - [room_manager:handle_create_room:76] - [WS-OPEN] Sala id-65b52897cf224f0d8aa83f9d49902d60 creada por web-client-1749870084897. Contraseña: EC6C5B. Esperando peer.
2025-06-13 22:01:34 - INFO - [session_cleanup:cleanup_sessions:90] - [CLEANUP] Cliente mobile-32415a4d (web: False) no reconectó (200s). Limpiando.
2025-06-13 22:01:34 - INFO - [session_cleanup:cleanup_sessions:125] - [CLEANUP] Cliente mobile-32415a4d estaba en doze antes de pending_reconnect, cola conservada.
2025-06-13 22:01:37 - INFO - [web:log_request:2348] - 200 GET /monitor (::1) 21.30ms
2025-06-13 22:01:51 - INFO - [web:log_request:2348] - 101 GET /ws?action=join&client_id=python-client-21de6629-ed89-46a3-9d27-cb69e4cc18f1&room_id=65b52897cf224f0d8aa83f9d49902d60&room_password=EC6C5B (::1) 0.36ms
2025-06-13 22:01:51 - WARNING - [room_manager:handle_join_room:88] - [WS-OPEN] python-client-21de6629-ed89-46a3-9d27-cb69e4cc18f1 - Intento de unirse a sala 65b52897cf224f0d8aa83f9d49902d60 con ID/password incorrecto.
2025-06-13 22:01:51 - INFO - [websocket_handler:on_close:126] - [CLOSE] Conexión WebSocket cerrada para None (móvil: None) en None. Intencional: True, Código: 1000, Razón: None
2025-06-13 22:01:51 - INFO - [websocket_handler:on_close:134] - [CLOSE] Cierre fue intencional para None (móvil: None). Limpieza principal ya realizada.
2025-06-13 22:02:07 - INFO - [web:log_request:2348] - 304 GET /monitor (::1) 8.25ms
2025-06-13 22:02:37 - INFO - [web:log_request:2348] - 304 GET /monitor (::1) 22.12ms
2025-06-13 22:02:50 - INFO - [web:log_request:2348] - 101 GET /ws?client_id=web-a97607c2&action=create (::1) 0.38ms
2025-06-13 22:02:50 - INFO - [room_manager:handle_create_room:76] - [WS-OPEN] Sala id-832e2443b4724dca851ac641b0bd8e43 creada por web-a97607c2. Contraseña: 6D7EA1. Esperando peer.
2025-06-13 22:02:50 - INFO - [web:log_request:2348] - 101 GET /ws?client_id=mobile-6de88c5b&action=join&room_id=id-832e2443b4724dca851ac641b0bd8e43&room_password=6D7EA1 (::1) 0.20ms
2025-06-13 22:02:50 - INFO - [jwt_manager:generate_and_distribute_jwts:91] - [JWT-DIST] Token JWT actualizado y enviado a web-a97607c2 (móvil: False) en sala id-832e2443b4724dca851ac641b0bd8e43.
2025-06-13 22:02:50 - INFO - [jwt_manager:generate_and_distribute_jwts:91] - [JWT-DIST] Token JWT actualizado y enviado a mobile-6de88c5b (móvil: True) en sala id-832e2443b4724dca851ac641b0bd8e43.
2025-06-13 22:02:50 - INFO - [room_manager:handle_join_room:155] - [WS-JOIN] Cliente mobile-6de88c5b (móvil: True) se unió a sala id-832e2443b4724dca851ac641b0bd8e43.
2025-06-13 22:02:50 - INFO - [message_processor:broadcast_message:172] - [BROADCAST] Mensaje 1749870170.967505-e2fdd552 de web-a97607c2 enviado en sala id-832e2443b4724dca851ac641b0bd8e43.
2025-06-13 22:02:50 - INFO - [message_processor:broadcast_message:172] - [BROADCAST] Mensaje 1749870170.97138-47dae20d de mobile-6de88c5b enviado en sala id-832e2443b4724dca851ac641b0bd8e43.
2025-06-13 22:02:50 - INFO - [websocket_handler:on_close:126] - [CLOSE] Conexión WebSocket cerrada para web-a97607c2 (móvil: False) en id-832e2443b4724dca851ac641b0bd8e43. Intencional: False, Código: 1000, Razón: None
2025-06-13 22:02:50 - INFO - [room_manager:cleanup_client_and_session:271] - [CLOSE] Cliente web-a97607c2 estaba en estado 'waiting_for_peer', no se marca como pending_reconnect.
2025-06-13 22:02:50 - INFO - [web:log_request:2348] - 101 GET /ws?client_id=web-a97607c2&jwt_token=eyJhbGciOiJIUzI1NiIsInR5cCI6IkpXVCJ9.eyJjbGllbnRfaWQiOiJ3ZWItYTk3NjA3YzIiLCJyb29tX2lkIjoiaWQtODMyZTI0NDNiNDcyNGRjYTg1MWFjNjQxYjBiZDhlNDMiLCJleHAiOjE3NTA0NzQ5NzAuNDYyMjY2MiwiaWF0IjoxNzQ5ODcwMTcwLjQ2MjI2NjIsImp0aSI6ImRhN2JiMTIwMmRkOTRjNTU4ZTZiM2ZjMjMzNGFmNmY2In0.XZm7Wp2F66fuTVIhOW1MrfDsKfTw-YFjtPGssDl9Hu8 (::1) 1.10ms
2025-06-13 22:02:50 - INFO - [room_manager:handle_reconnection_with_jwt:249] - [WS-OPEN] Cliente web-a97607c2 reconectado y validado en sala id-832e2443b4724dca851ac641b0bd8e43.
2025-06-13 22:02:52 - INFO - [message_processor:broadcast_message:172] - [BROADCAST] Mensaje 1749870172.500385-b949d969 de web-a97607c2 enviado en sala id-832e2443b4724dca851ac641b0bd8e43.
2025-06-13 22:02:52 - INFO - [websocket_handler:on_close:126] - [CLOSE] Conexión WebSocket cerrada para mobile-6de88c5b (móvil: True) en id-832e2443b4724dca851ac641b0bd8e43. Intencional: False, Código: 1000, Razón: None
2025-06-13 22:02:52 - INFO - [room_manager:cleanup_client_and_session:269] - [CLOSE] Cliente mobile-6de88c5b marcado como 'pending_reconnect'.
2025-06-13 22:02:52 - INFO - [web:log_request:2348] - 101 GET /ws?client_id=mobile-6de88c5b&jwt_token=eyJhbGciOiJIUzI1NiIsInR5cCI6IkpXVCJ9.eyJjbGllbnRfaWQiOiJtb2JpbGUtNmRlODhjNWIiLCJyb29tX2lkIjoiaWQtODMyZTI0NDNiNDcyNGRjYTg1MWFjNjQxYjBiZDhlNDMiLCJleHAiOjE3NTA0NzQ5NzAuNDYzMzg2LCJpYXQiOjE3NDk4NzAxNzAuNDYzMzg2OCwianRpIjoiNjVkNjIxNjkyNmZhNDhlZjhhZjEzNzMzNjAzZTk5M2YifQ.7PlHWi1upnrKiWIyYY8K89vjEuw65Eom75ihFKaa-3g (::1) 1.15ms
2025-06-13 22:02:52 - INFO - [room_manager:handle_reconnection_with_jwt:249] - [WS-OPEN] Cliente mobile-6de88c5b reconectado y validado en sala id-832e2443b4724dca851ac641b0bd8e43.
2025-06-13 22:02:54 - INFO - [message_processor:broadcast_message:172] - [BROADCAST] Mensaje 1749870174.0277472-90d665aa de mobile-6de88c5b enviado en sala id-832e2443b4724dca851ac641b0bd8e43.
2025-06-13 22:02:54 - INFO - [websocket_handler:on_close:126] - [CLOSE] Conexión WebSocket cerrada para web-a97607c2 (móvil: False) en id-832e2443b4724dca851ac641b0bd8e43. Intencional: False, Código: 1000, Razón: None
2025-06-13 22:02:54 - INFO - [room_manager:cleanup_client_and_session:269] - [CLOSE] Cliente web-a97607c2 marcado como 'pending_reconnect'.
2025-06-13 22:02:54 - INFO - [web:log_request:2348] - 101 GET /ws?client_id=web-a97607c2&jwt_token=invalid_token_123 (::1) 0.36ms
2025-06-13 22:02:54 - WARNING - [room_manager:handle_reconnection_with_jwt:194] - [WS-OPEN] web-a97607c2 - Token JWT inválido o expirado al reconectar.
2025-06-13 22:02:54 - INFO - [websocket_handler:on_close:126] - [CLOSE] Conexión WebSocket cerrada para None (móvil: None) en None. Intencional: True, Código: 1008, Razón: INVALID_TOKEN
2025-06-13 22:02:54 - INFO - [websocket_handler:on_close:134] - [CLOSE] Cierre fue intencional para None (móvil: None). Limpieza principal ya realizada.
2025-06-13 22:02:54 - INFO - [web:log_request:2348] - 101 GET /ws?client_id=web-a97607c2&jwt_token=eyJhbGciOiJIUzI1NiIsInR5cCI6IkpXVCJ9.eyJjbGllbnRfaWQiOiJ3ZWItYTk3NjA3YzIiLCJyb29tX2lkIjoiaWQtODMyZTI0NDNiNDcyNGRjYTg1MWFjNjQxYjBiZDhlNDMiLCJleHAiOjE3NTA0NzQ5NzAuNDYyMjY2MiwiaWF0IjoxNzQ5ODcwMTcwLjQ2MjI2NjIsImp0aSI6ImRhN2JiMTIwMmRkOTRjNTU4ZTZiM2ZjMjMzNGFmNmY2In0.XZm7Wp2F66fuTVIhOW1MrfDsKfTw-YFjtPGssDl9Hu8 (::1) 0.28ms
2025-06-13 22:02:54 - INFO - [room_manager:handle_reconnection_with_jwt:249] - [WS-OPEN] Cliente web-a97607c2 reconectado y validado en sala id-832e2443b4724dca851ac641b0bd8e43.
2025-06-13 22:02:54 - INFO - [message_processor:handle_doze_start_action:86] - [DOZE] Cliente mobile-6de88c5b entrando en modo doze en sala id-832e2443b4724dca851ac641b0bd8e43.
2025-06-13 22:02:54 - INFO - [websocket_handler:on_close:126] - [CLOSE] Conexión WebSocket cerrada para mobile-6de88c5b (móvil: True) en id-832e2443b4724dca851ac641b0bd8e43. Intencional: True, Código: 1000, Razón: Client initiated doze mode
2025-06-13 22:02:54 - INFO - [websocket_handler:on_close:134] - [CLOSE] Cierre fue intencional para mobile-6de88c5b (móvil: True). Limpieza principal ya realizada.
2025-06-13 22:02:54 - INFO - [web:log_request:2348] - 101 GET /ws?client_id=mobile-6de88c5b&jwt_token=eyJhbGciOiJIUzI1NiIsInR5cCI6IkpXVCJ9.eyJjbGllbnRfaWQiOiJtb2JpbGUtNmRlODhjNWIiLCJyb29tX2lkIjoiaWQtODMyZTI0NDNiNDcyNGRjYTg1MWFjNjQxYjBiZDhlNDMiLCJleHAiOjE3NTA0NzQ5NzAuNDYzMzg2LCJpYXQiOjE3NDk4NzAxNzAuNDYzMzg2OCwianRpIjoiNjVkNjIxNjkyNmZhNDhlZjhhZjEzNzMzNjAzZTk5M2YifQ.7PlHWi1upnrKiWIyYY8K89vjEuw65Eom75ihFKaa-3g (::1) 0.28ms
2025-06-13 22:02:54 - INFO - [room_manager:handle_reconnection_with_jwt:249] - [WS-OPEN] Cliente mobile-6de88c5b reconectado y validado en sala id-832e2443b4724dca851ac641b0bd8e43.
2025-06-13 22:02:54 - INFO - [message_processor:broadcast_message:172] - [BROADCAST] Mensaje 1749870174.052299-7f37d874 de web-a97607c2 enviado en sala id-832e2443b4724dca851ac641b0bd8e43.
2025-06-13 22:02:54 - INFO - [web:log_request:2348] - 101 GET /ws?client_id=web-error-test&action=join&room_id=sala-inexistente&room_password=password-falsa (::1) 0.27ms
2025-06-13 22:02:54 - WARNING - [room_manager:handle_join_room:88] - [WS-OPEN] web-error-test - Intento de unirse a sala sala-inexistente con ID/password incorrecto.
2025-06-13 22:02:54 - INFO - [websocket_handler:on_close:126] - [CLOSE] Conexión WebSocket cerrada para None (móvil: None) en None. Intencional: True, Código: 1000, Razón: None
2025-06-13 22:02:54 - INFO - [websocket_handler:on_close:134] - [CLOSE] Cierre fue intencional para None (móvil: None). Limpieza principal ya realizada.
2025-06-13 22:02:54 - INFO - [websocket_handler:on_close:126] - [CLOSE] Conexión WebSocket cerrada para web-a97607c2 (móvil: False) en id-832e2443b4724dca851ac641b0bd8e43. Intencional: False, Código: 1000, Razón: None
2025-06-13 22:02:54 - INFO - [room_manager:cleanup_client_and_session:269] - [CLOSE] Cliente web-a97607c2 marcado como 'pending_reconnect'.
2025-06-13 22:02:54 - INFO - [web:log_request:2348] - 101 GET /ws?client_id=web-a97607c2&jwt_token=eyJhbGciOiJIUzI1NiIsInR5cCI6IkpXVCJ9.eyJjbGllbnRfaWQiOiJ3ZWItYTk3NjA3YzIiLCJyb29tX2lkIjoiaWQtODMyZTI0NDNiNDcyNGRjYTg1MWFjNjQxYjBiZDhlNDMiLCJleHAiOjE3NTA0NzQ5NzAuNDYyMjY2MiwiaWF0IjoxNzQ5ODcwMTcwLjQ2MjI2NjIsImp0aSI6ImRhN2JiMTIwMmRkOTRjNTU4ZTZiM2ZjMjMzNGFmNmY2In0.XZm7Wp2F66fuTVIhOW1MrfDsKfTw-YFjtPGssDl9Hu8 (::1) 0.30ms
2025-06-13 22:02:54 - INFO - [room_manager:handle_reconnection_with_jwt:249] - [WS-OPEN] Cliente web-a97607c2 reconectado y validado en sala id-832e2443b4724dca851ac641b0bd8e43.
2025-06-13 22:02:54 - INFO - [websocket_handler:on_close:126] - [CLOSE] Conexión WebSocket cerrada para mobile-6de88c5b (móvil: True) en id-832e2443b4724dca851ac641b0bd8e43. Intencional: False, Código: 1000, Razón: None
2025-06-13 22:02:54 - INFO - [room_manager:cleanup_client_and_session:269] - [CLOSE] Cliente mobile-6de88c5b marcado como 'pending_reconnect'.
2025-06-13 22:02:54 - INFO - [web:log_request:2348] - 101 GET /ws?client_id=mobile-6de88c5b&jwt_token=eyJhbGciOiJIUzI1NiIsInR5cCI6IkpXVCJ9.eyJjbGllbnRfaWQiOiJtb2JpbGUtNmRlODhjNWIiLCJyb29tX2lkIjoiaWQtODMyZTI0NDNiNDcyNGRjYTg1MWFjNjQxYjBiZDhlNDMiLCJleHAiOjE3NTA0NzQ5NzAuNDYzMzg2LCJpYXQiOjE3NDk4NzAxNzAuNDYzMzg2OCwianRpIjoiNjVkNjIxNjkyNmZhNDhlZjhhZjEzNzMzNjAzZTk5M2YifQ.7PlHWi1upnrKiWIyYY8K89vjEuw65Eom75ihFKaa-3g (::1) 0.31ms
2025-06-13 22:02:54 - INFO - [room_manager:handle_reconnection_with_jwt:249] - [WS-OPEN] Cliente mobile-6de88c5b reconectado y validado en sala id-832e2443b4724dca851ac641b0bd8e43.
2025-06-13 22:02:54 - INFO - [message_processor:broadcast_message:172] - [BROADCAST] Mensaje 1749870174.0673-4a5acc9d de web-a97607c2 enviado en sala id-832e2443b4724dca851ac641b0bd8e43.
2025-06-13 22:02:54 - INFO - [websocket_handler:on_close:126] - [CLOSE] Conexión WebSocket cerrada para web-a97607c2 (móvil: False) en id-832e2443b4724dca851ac641b0bd8e43. Intencional: False, Código: 1000, Razón: None
2025-06-13 22:02:54 - INFO - [room_manager:cleanup_client_and_session:269] - [CLOSE] Cliente web-a97607c2 marcado como 'pending_reconnect'.
2025-06-13 22:02:54 - INFO - [web:log_request:2348] - 101 GET /ws?client_id=web-a97607c2&jwt_token=eyJhbGciOiJIUzI1NiIsInR5cCI6IkpXVCJ9.eyJjbGllbnRfaWQiOiJ3ZWItYTk3NjA3YzIiLCJyb29tX2lkIjoiaWQtODMyZTI0NDNiNDcyNGRjYTg1MWFjNjQxYjBiZDhlNDMiLCJleHAiOjE3NTA0NzQ5NzAuNDYyMjY2MiwiaWF0IjoxNzQ5ODcwMTcwLjQ2MjI2NjIsImp0aSI6ImRhN2JiMTIwMmRkOTRjNTU4ZTZiM2ZjMjMzNGFmNmY2In0.XZm7Wp2F66fuTVIhOW1MrfDsKfTw-YFjtPGssDl9Hu8 (::1) 0.23ms
2025-06-13 22:02:54 - INFO - [room_manager:handle_reconnection_with_jwt:249] - [WS-OPEN] Cliente web-a97607c2 reconectado y validado en sala id-832e2443b4724dca851ac641b0bd8e43.
2025-06-13 22:02:54 - INFO - [websocket_handler:on_close:126] - [CLOSE] Conexión WebSocket cerrada para mobile-6de88c5b (móvil: True) en id-832e2443b4724dca851ac641b0bd8e43. Intencional: False, Código: 1000, Razón: None
2025-06-13 22:02:54 - INFO - [room_manager:cleanup_client_and_session:269] - [CLOSE] Cliente mobile-6de88c5b marcado como 'pending_reconnect'.
2025-06-13 22:02:54 - INFO - [web:log_request:2348] - 101 GET /ws?client_id=mobile-6de88c5b&jwt_token=eyJhbGciOiJIUzI1NiIsInR5cCI6IkpXVCJ9.eyJjbGllbnRfaWQiOiJtb2JpbGUtNmRlODhjNWIiLCJyb29tX2lkIjoiaWQtODMyZTI0NDNiNDcyNGRjYTg1MWFjNjQxYjBiZDhlNDMiLCJleHAiOjE3NTA0NzQ5NzAuNDYzMzg2LCJpYXQiOjE3NDk4NzAxNzAuNDYzMzg2OCwianRpIjoiNjVkNjIxNjkyNmZhNDhlZjhhZjEzNzMzNjAzZTk5M2YifQ.7PlHWi1upnrKiWIyYY8K89vjEuw65Eom75ihFKaa-3g (::1) 0.16ms
2025-06-13 22:02:54 - INFO - [room_manager:handle_reconnection_with_jwt:249] - [WS-OPEN] Cliente mobile-6de88c5b reconectado y validado en sala id-832e2443b4724dca851ac641b0bd8e43.
2025-06-13 22:02:54 - INFO - [message_processor:broadcast_message:172] - [BROADCAST] Mensaje 1749870174.077158-1ab0e293 de web-a97607c2 enviado en sala id-832e2443b4724dca851ac641b0bd8e43.
2025-06-13 22:02:54 - INFO - [websocket_handler:on_close:126] - [CLOSE] Conexión WebSocket cerrada para web-a97607c2 (móvil: False) en id-832e2443b4724dca851ac641b0bd8e43. Intencional: False, Código: 1000, Razón: None
2025-06-13 22:02:54 - INFO - [room_manager:cleanup_client_and_session:269] - [CLOSE] Cliente web-a97607c2 marcado como 'pending_reconnect'.
2025-06-13 22:02:54 - INFO - [web:log_request:2348] - 101 GET /ws?client_id=web-a97607c2&jwt_token=eyJhbGciOiJIUzI1NiIsInR5cCI6IkpXVCJ9.eyJjbGllbnRfaWQiOiJ3ZWItYTk3NjA3YzIiLCJyb29tX2lkIjoiaWQtODMyZTI0NDNiNDcyNGRjYTg1MWFjNjQxYjBiZDhlNDMiLCJleHAiOjE3NTA0NzQ5NzAuNDYyMjY2MiwiaWF0IjoxNzQ5ODcwMTcwLjQ2MjI2NjIsImp0aSI6ImRhN2JiMTIwMmRkOTRjNTU4ZTZiM2ZjMjMzNGFmNmY2In0.XZm7Wp2F66fuTVIhOW1MrfDsKfTw-YFjtPGssDl9Hu8 (::1) 0.15ms
2025-06-13 22:02:54 - INFO - [room_manager:handle_reconnection_with_jwt:249] - [WS-OPEN] Cliente web-a97607c2 reconectado y validado en sala id-832e2443b4724dca851ac641b0bd8e43.
2025-06-13 22:02:54 - INFO - [websocket_handler:on_close:126] - [CLOSE] Conexión WebSocket cerrada para mobile-6de88c5b (móvil: True) en id-832e2443b4724dca851ac641b0bd8e43. Intencional: False, Código: 1000, Razón: None
2025-06-13 22:02:54 - INFO - [room_manager:cleanup_client_and_session:269] - [CLOSE] Cliente mobile-6de88c5b marcado como 'pending_reconnect'.
2025-06-13 22:02:54 - INFO - [web:log_request:2348] - 101 GET /ws?client_id=mobile-6de88c5b&jwt_token=eyJhbGciOiJIUzI1NiIsInR5cCI6IkpXVCJ9.eyJjbGllbnRfaWQiOiJtb2JpbGUtNmRlODhjNWIiLCJyb29tX2lkIjoiaWQtODMyZTI0NDNiNDcyNGRjYTg1MWFjNjQxYjBiZDhlNDMiLCJleHAiOjE3NTA0NzQ5NzAuNDYzMzg2LCJpYXQiOjE3NDk4NzAxNzAuNDYzMzg2OCwianRpIjoiNjVkNjIxNjkyNmZhNDhlZjhhZjEzNzMzNjAzZTk5M2YifQ.7PlHWi1upnrKiWIyYY8K89vjEuw65Eom75ihFKaa-3g (::1) 0.25ms
2025-06-13 22:02:54 - INFO - [room_manager:handle_reconnection_with_jwt:249] - [WS-OPEN] Cliente mobile-6de88c5b reconectado y validado en sala id-832e2443b4724dca851ac641b0bd8e43.
2025-06-13 22:02:54 - INFO - [message_processor:broadcast_message:172] - [BROADCAST] Mensaje 1749870174.086058-1a981a00 de web-a97607c2 enviado en sala id-832e2443b4724dca851ac641b0bd8e43.
2025-06-13 22:02:54 - INFO - [websocket_handler:on_close:126] - [CLOSE] Conexión WebSocket cerrada para web-a97607c2 (móvil: False) en id-832e2443b4724dca851ac641b0bd8e43. Intencional: False, Código: 1000, Razón: None
2025-06-13 22:02:54 - INFO - [room_manager:cleanup_client_and_session:269] - [CLOSE] Cliente web-a97607c2 marcado como 'pending_reconnect'.
2025-06-13 22:02:54 - INFO - [web:log_request:2348] - 101 GET /ws?client_id=web-a97607c2&jwt_token=eyJhbGciOiJIUzI1NiIsInR5cCI6IkpXVCJ9.eyJjbGllbnRfaWQiOiJ3ZWItYTk3NjA3YzIiLCJyb29tX2lkIjoiaWQtODMyZTI0NDNiNDcyNGRjYTg1MWFjNjQxYjBiZDhlNDMiLCJleHAiOjE3NTA0NzQ5NzAuNDYyMjY2MiwiaWF0IjoxNzQ5ODcwMTcwLjQ2MjI2NjIsImp0aSI6ImRhN2JiMTIwMmRkOTRjNTU4ZTZiM2ZjMjMzNGFmNmY2In0.XZm7Wp2F66fuTVIhOW1MrfDsKfTw-YFjtPGssDl9Hu8 (::1) 0.29ms
2025-06-13 22:02:54 - INFO - [room_manager:handle_reconnection_with_jwt:249] - [WS-OPEN] Cliente web-a97607c2 reconectado y validado en sala id-832e2443b4724dca851ac641b0bd8e43.
2025-06-13 22:02:54 - INFO - [websocket_handler:on_close:126] - [CLOSE] Conexión WebSocket cerrada para mobile-6de88c5b (móvil: True) en id-832e2443b4724dca851ac641b0bd8e43. Intencional: False, Código: 1000, Razón: None
2025-06-13 22:02:54 - INFO - [room_manager:cleanup_client_and_session:269] - [CLOSE] Cliente mobile-6de88c5b marcado como 'pending_reconnect'.
2025-06-13 22:02:54 - INFO - [web:log_request:2348] - 101 GET /ws?client_id=mobile-6de88c5b&jwt_token=eyJhbGciOiJIUzI1NiIsInR5cCI6IkpXVCJ9.eyJjbGllbnRfaWQiOiJtb2JpbGUtNmRlODhjNWIiLCJyb29tX2lkIjoiaWQtODMyZTI0NDNiNDcyNGRjYTg1MWFjNjQxYjBiZDhlNDMiLCJleHAiOjE3NTA0NzQ5NzAuNDYzMzg2LCJpYXQiOjE3NDk4NzAxNzAuNDYzMzg2OCwianRpIjoiNjVkNjIxNjkyNmZhNDhlZjhhZjEzNzMzNjAzZTk5M2YifQ.7PlHWi1upnrKiWIyYY8K89vjEuw65Eom75ihFKaa-3g (::1) 0.16ms
2025-06-13 22:02:54 - INFO - [room_manager:handle_reconnection_with_jwt:249] - [WS-OPEN] Cliente mobile-6de88c5b reconectado y validado en sala id-832e2443b4724dca851ac641b0bd8e43.
2025-06-13 22:02:54 - INFO - [message_processor:broadcast_message:172] - [BROADCAST] Mensaje 1749870174.0942562-fe5ce1f1 de web-a97607c2 enviado en sala id-832e2443b4724dca851ac641b0bd8e43.
2025-06-13 22:02:54 - INFO - [websocket_handler:on_close:126] - [CLOSE] Conexión WebSocket cerrada para web-a97607c2 (móvil: False) en id-832e2443b4724dca851ac641b0bd8e43. Intencional: False, Código: 1000, Razón: None
2025-06-13 22:02:54 - INFO - [room_manager:cleanup_client_and_session:269] - [CLOSE] Cliente web-a97607c2 marcado como 'pending_reconnect'.
2025-06-13 22:02:54 - INFO - [web:log_request:2348] - 101 GET /ws?client_id=web-a97607c2&jwt_token=eyJhbGciOiJIUzI1NiIsInR5cCI6IkpXVCJ9.eyJjbGllbnRfaWQiOiJ3ZWItYTk3NjA3YzIiLCJyb29tX2lkIjoiaWQtODMyZTI0NDNiNDcyNGRjYTg1MWFjNjQxYjBiZDhlNDMiLCJleHAiOjE3NTA0NzQ5NzAuNDYyMjY2MiwiaWF0IjoxNzQ5ODcwMTcwLjQ2MjI2NjIsImp0aSI6ImRhN2JiMTIwMmRkOTRjNTU4ZTZiM2ZjMjMzNGFmNmY2In0.XZm7Wp2F66fuTVIhOW1MrfDsKfTw-YFjtPGssDl9Hu8 (::1) 0.21ms
2025-06-13 22:02:54 - INFO - [room_manager:handle_reconnection_with_jwt:249] - [WS-OPEN] Cliente web-a97607c2 reconectado y validado en sala id-832e2443b4724dca851ac641b0bd8e43.
2025-06-13 22:02:54 - INFO - [websocket_handler:on_close:126] - [CLOSE] Conexión WebSocket cerrada para mobile-6de88c5b (móvil: True) en id-832e2443b4724dca851ac641b0bd8e43. Intencional: False, Código: 1000, Razón: None
2025-06-13 22:02:54 - INFO - [room_manager:cleanup_client_and_session:269] - [CLOSE] Cliente mobile-6de88c5b marcado como 'pending_reconnect'.
2025-06-13 22:02:54 - INFO - [web:log_request:2348] - 101 GET /ws?client_id=mobile-6de88c5b&jwt_token=eyJhbGciOiJIUzI1NiIsInR5cCI6IkpXVCJ9.eyJjbGllbnRfaWQiOiJtb2JpbGUtNmRlODhjNWIiLCJyb29tX2lkIjoiaWQtODMyZTI0NDNiNDcyNGRjYTg1MWFjNjQxYjBiZDhlNDMiLCJleHAiOjE3NTA0NzQ5NzAuNDYzMzg2LCJpYXQiOjE3NDk4NzAxNzAuNDYzMzg2OCwianRpIjoiNjVkNjIxNjkyNmZhNDhlZjhhZjEzNzMzNjAzZTk5M2YifQ.7PlHWi1upnrKiWIyYY8K89vjEuw65Eom75ihFKaa-3g (::1) 0.19ms
2025-06-13 22:02:54 - INFO - [room_manager:handle_reconnection_with_jwt:249] - [WS-OPEN] Cliente mobile-6de88c5b reconectado y validado en sala id-832e2443b4724dca851ac641b0bd8e43.
2025-06-13 22:02:54 - INFO - [message_processor:broadcast_message:172] - [BROADCAST] Mensaje 1749870174.102765-57db0af3 de web-a97607c2 enviado en sala id-832e2443b4724dca851ac641b0bd8e43.
2025-06-13 22:02:54 - INFO - [websocket_handler:on_close:126] - [CLOSE] Conexión WebSocket cerrada para web-a97607c2 (móvil: False) en id-832e2443b4724dca851ac641b0bd8e43. Intencional: False, Código: 1000, Razón: None
2025-06-13 22:02:54 - INFO - [websocket_handler:on_close:126] - [CLOSE] Conexión WebSocket cerrada para mobile-6de88c5b (móvil: True) en id-832e2443b4724dca851ac641b0bd8e43. Intencional: False, Código: 1000, Razón: None
2025-06-13 22:02:54 - INFO - [room_manager:cleanup_client_and_session:269] - [CLOSE] Cliente web-a97607c2 marcado como 'pending_reconnect'.
2025-06-13 22:02:54 - INFO - [room_manager:cleanup_client_and_session:269] - [CLOSE] Cliente mobile-6de88c5b marcado como 'pending_reconnect'.
2025-06-13 22:02:54 - INFO - [session:add_message_to_queue:275] - Mensaje encolado para mobile-6de88c5b (móvil: True, dozing: False). Cola: 1. TTL: 604800s.
2025-06-13 22:02:54 - INFO - [session:add_message_to_queue:275] - Mensaje encolado para web-a97607c2 (móvil: False, dozing: False). Cola: 1. TTL: 604800s.
2025-06-13 22:02:54 - INFO - [session:add_message_to_queue:275] - Mensaje encolado para mobile-6de88c5b (móvil: True, dozing: False). Cola: 2. TTL: 604800s.
2025-06-13 22:02:54 - INFO - [session:add_message_to_queue:275] - Mensaje encolado para mobile-6de88c5b (móvil: True, dozing: False). Cola: 3. TTL: 604800s.
2025-06-13 22:02:54 - INFO - [session:add_message_to_queue:275] - Mensaje encolado para web-a97607c2 (móvil: False, dozing: False). Cola: 2. TTL: 604800s.
2025-06-13 22:02:54 - INFO - [session:add_message_to_queue:275] - Mensaje encolado para mobile-6de88c5b (móvil: True, dozing: False). Cola: 4. TTL: 604800s.
2025-06-13 22:02:54 - INFO - [session:add_message_to_queue:275] - Mensaje encolado para web-a97607c2 (móvil: False, dozing: False). Cola: 3. TTL: 604800s.
2025-06-13 22:02:54 - INFO - [session:add_message_to_queue:275] - Mensaje encolado para mobile-6de88c5b (móvil: True, dozing: False). Cola: 5. TTL: 604800s.
2025-06-13 22:02:54 - INFO - [session:add_message_to_queue:275] - Mensaje encolado para web-a97607c2 (móvil: False, dozing: False). Cola: 4. TTL: 604800s.
2025-06-13 22:02:54 - INFO - [session:add_message_to_queue:275] - Mensaje encolado para mobile-6de88c5b (móvil: True, dozing: False). Cola: 6. TTL: 604800s.
2025-06-13 22:02:54 - INFO - [session:add_message_to_queue:275] - Mensaje encolado para web-a97607c2 (móvil: False, dozing: False). Cola: 5. TTL: 604800s.
2025-06-13 22:02:54 - INFO - [session:add_message_to_queue:275] - Mensaje encolado para mobile-6de88c5b (móvil: True, dozing: False). Cola: 7. TTL: 604800s.
2025-06-13 22:02:54 - INFO - [session:add_message_to_queue:275] - Mensaje encolado para web-a97607c2 (móvil: False, dozing: False). Cola: 6. TTL: 604800s.
2025-06-13 22:03:07 - INFO - [web:log_request:2348] - 200 GET /monitor (::1) 22.46ms
2025-06-13 22:03:37 - INFO - [web:log_request:2348] - 304 GET /monitor (::1) 17.57ms
2025-06-13 22:04:08 - INFO - [web:log_request:2348] - 304 GET /monitor (::1) 48.49ms
2025-06-13 22:04:38 - INFO - [web:log_request:2348] - 304 GET /monitor (::1) 12.70ms
2025-06-13 22:05:08 - INFO - [web:log_request:2348] - 304 GET /monitor (::1) 17.85ms
2025-06-13 22:05:13 - INFO - [web:log_request:2348] - 101 GET /ws?action=join&client_id=python-client-4c36b192-753e-425a-8f9e-5328af4ddab1&room_id=65b52897cf224f0d8aa83f9d49902d60&room_password=EC6C5B (::1) 0.35ms
2025-06-13 22:05:13 - WARNING - [room_manager:handle_join_room:88] - [WS-OPEN] python-client-4c36b192-753e-425a-8f9e-5328af4ddab1 - Intento de unirse a sala 65b52897cf224f0d8aa83f9d49902d60 con ID/password incorrecto.
2025-06-13 22:05:13 - INFO - [websocket_handler:on_close:126] - [CLOSE] Conexión WebSocket cerrada para None (móvil: None) en None. Intencional: True, Código: 1000, Razón: None
2025-06-13 22:05:13 - INFO - [websocket_handler:on_close:134] - [CLOSE] Cierre fue intencional para None (móvil: None). Limpieza principal ya realizada.
2025-06-13 22:05:19 - INFO - [websocket_handler:on_close:126] - [CLOSE] Conexión WebSocket cerrada para web-client-1749870084897 (móvil: False) en id-65b52897cf224f0d8aa83f9d49902d60. Intencional: False, Código: 1001, Razón: None
2025-06-13 22:05:19 - INFO - [room_manager:cleanup_client_and_session:271] - [CLOSE] Cliente web-client-1749870084897 estaba en estado 'waiting_for_peer', no se marca como pending_reconnect.
2025-06-13 22:05:20 - INFO - [web:log_request:2348] - 101 GET /ws?action=create&client_id=web-client-1749870320536 (::1) 0.75ms
2025-06-13 22:05:20 - INFO - [room_manager:handle_create_room:76] - [WS-OPEN] Sala id-d904461dc63b43e8a779f134e5abee4b creada por web-client-1749870320536. Contraseña: 8313D6. Esperando peer.
2025-06-13 22:05:38 - INFO - [web:log_request:2348] - 200 GET /monitor (::1) 16.53ms
2025-06-13 22:06:08 - INFO - [web:log_request:2348] - 304 GET /monitor (::1) 35.16ms
2025-06-13 22:06:34 - INFO - [session_cleanup:cleanup_sessions:90] - [CLEANUP] Cliente mobile-6de88c5b (web: False) no reconectó (200s). Limpiando.
2025-06-13 22:06:34 - INFO - [session_cleanup:cleanup_sessions:125] - [CLEANUP] Cliente mobile-6de88c5b estaba en doze antes de pending_reconnect, cola conservada.
2025-06-13 22:06:35 - INFO - [web:log_request:2348] - 101 GET /ws?action=join&client_id=python-client-f3708423-c2ca-4135-971b-e0d6e0bf0b62&room_id=id-d904461dc63b43e8a779f134e5abee4b&room_password=8313D6 (::1) 0.37ms
2025-06-13 22:06:35 - INFO - [jwt_manager:generate_and_distribute_jwts:91] - [JWT-DIST] Token JWT actualizado y enviado a web-client-1749870320536 (móvil: False) en sala id-d904461dc63b43e8a779f134e5abee4b.
2025-06-13 22:06:35 - INFO - [jwt_manager:generate_and_distribute_jwts:91] - [JWT-DIST] Token JWT actualizado y enviado a python-client-f3708423-c2ca-4135-971b-e0d6e0bf0b62 (móvil: True) en sala id-d904461dc63b43e8a779f134e5abee4b.
2025-06-13 22:06:35 - INFO - [room_manager:handle_join_room:155] - [WS-JOIN] Cliente python-client-f3708423-c2ca-4135-971b-e0d6e0bf0b62 (móvil: True) se unió a sala id-d904461dc63b43e8a779f134e5abee4b.
2025-06-13 22:06:39 - INFO - [web:log_request:2348] - 200 GET /monitor (::1) 14.62ms
2025-06-13 22:07:09 - INFO - [web:log_request:2348] - 304 GET /monitor (::1) 26.60ms
2025-06-13 22:07:12 - INFO - [message_processor:broadcast_message:172] - [BROADCAST] Mensaje 1749870432.988914-97af4545 de python-client-f3708423-c2ca-4135-971b-e0d6e0bf0b62 enviado en sala id-d904461dc63b43e8a779f134e5abee4b.
2025-06-13 22:07:39 - INFO - [web:log_request:2348] - 304 GET /monitor (::1) 28.85ms
2025-06-13 22:08:09 - INFO - [web:log_request:2348] - 304 GET /monitor (::1) 15.08ms
2025-06-13 22:08:39 - INFO - [web:log_request:2348] - 304 GET /monitor (::1) 21.32ms
2025-06-13 22:09:10 - INFO - [web:log_request:2348] - 304 GET /monitor (::1) 23.78ms
2025-06-13 22:09:40 - INFO - [web:log_request:2348] - 304 GET /monitor (::1) 25.94ms
2025-06-13 22:10:10 - INFO - [web:log_request:2348] - 304 GET /monitor (::1) 28.75ms
2025-06-13 22:10:40 - INFO - [web:log_request:2348] - 304 GET /monitor (::1) 46.99ms
2025-06-13 22:11:10 - INFO - [web:log_request:2348] - 304 GET /monitor (::1) 30.96ms
2025-06-13 22:11:15 - INFO - [message_processor:broadcast_message:172] - [BROADCAST] Mensaje 1749870675.038647-1b10f74b de python-client-f3708423-c2ca-4135-971b-e0d6e0bf0b62 enviado en sala id-d904461dc63b43e8a779f134e5abee4b.
2025-06-13 22:11:41 - INFO - [web:log_request:2348] - 304 GET /monitor (::1) 10.32ms
2025-06-13 22:12:11 - INFO - [web:log_request:2348] - 304 GET /monitor (::1) 16.65ms
2025-06-13 22:12:41 - INFO - [web:log_request:2348] - 304 GET /monitor (::1) 20.32ms
2025-06-13 22:13:07 - INFO - [message_processor:broadcast_message:172] - [BROADCAST] Mensaje 1749870787.600663-841848a3 de python-client-f3708423-c2ca-4135-971b-e0d6e0bf0b62 enviado en sala id-d904461dc63b43e8a779f134e5abee4b.
2025-06-13 22:13:11 - INFO - [web:log_request:2348] - 304 GET /monitor (::1) 25.76ms
2025-06-13 22:13:41 - INFO - [web:log_request:2348] - 304 GET /monitor (::1) 22.07ms
2025-06-13 22:14:11 - INFO - [web:log_request:2348] - 304 GET /monitor (::1) 25.27ms
2025-06-13 22:14:15 - INFO - [websocket_handler:on_close:126] - [CLOSE] Conexión WebSocket cerrada para python-client-f3708423-c2ca-4135-971b-e0d6e0bf0b62 (móvil: True) en id-d904461dc63b43e8a779f134e5abee4b. Intencional: False, Código: 1000, Razón: None
2025-06-13 22:14:15 - INFO - [room_manager:cleanup_client_and_session:269] - [CLOSE] Cliente python-client-f3708423-c2ca-4135-971b-e0d6e0bf0b62 marcado como 'pending_reconnect'.
2025-06-13 22:14:42 - INFO - [web:log_request:2348] - 200 GET /monitor (::1) 10.87ms
2025-06-13 22:15:12 - INFO - [web:log_request:2348] - 304 GET /monitor (::1) 18.84ms
2025-06-13 22:15:42 - INFO - [web:log_request:2348] - 304 GET /monitor (::1) 25.15ms
2025-06-13 22:16:12 - INFO - [web:log_request:2348] - 304 GET /monitor (::1) 56.09ms
2025-06-13 22:16:24 - INFO - [websocket_handler:on_close:126] - [CLOSE] Conexión WebSocket cerrada para web-client-1749870320536 (móvil: False) en id-d904461dc63b43e8a779f134e5abee4b. Intencional: False, Código: 1001, Razón: None
2025-06-13 22:16:24 - INFO - [room_manager:cleanup_client_and_session:271] - [CLOSE] Cliente web-client-1749870320536 estaba en estado 'waiting_for_peer', no se marca como pending_reconnect.
2025-06-13 22:16:25 - INFO - [web:log_request:2348] - 101 GET /ws?action=create&client_id=web-client-1749870985560 (::1) 1.29ms
2025-06-13 22:16:25 - INFO - [room_manager:handle_create_room:76] - [WS-OPEN] Sala id-72e9de9f5c064e5591a3fa019511f249 creada por web-client-1749870985560. Contraseña: 0C8DAE. Esperando peer.
2025-06-13 22:16:42 - INFO - [web:log_request:2348] - 200 GET /monitor (::1) 16.35ms
2025-06-13 22:16:52 - INFO - [web:log_request:2348] - 101 GET /ws?action=join&client_id=python-client-022e4e05-feb0-4657-bc34-4ecf5101bc0c&room_id=72e9de9f5c064e5591a3fa019511f249&room_password=0C8DAE (::1) 0.31ms
2025-06-13 22:16:52 - WARNING - [room_manager:handle_join_room:88] - [WS-OPEN] python-client-022e4e05-feb0-4657-bc34-4ecf5101bc0c - Intento de unirse a sala 72e9de9f5c064e5591a3fa019511f249 con ID/password incorrecto.
2025-06-13 22:16:52 - INFO - [websocket_handler:on_close:126] - [CLOSE] Conexión WebSocket cerrada para None (móvil: None) en None. Intencional: True, Código: 1000, Razón: None
2025-06-13 22:16:52 - INFO - [websocket_handler:on_close:134] - [CLOSE] Cierre fue intencional para None (móvil: None). Limpieza principal ya realizada.
2025-06-13 22:17:00 - INFO - [web:log_request:2348] - 101 GET /ws?action=join&client_id=python-client-fc91b8d1-e369-435f-a4b6-60e2751adfa7&room_id=id-72e9de9f5c064e5591a3fa019511f249&room_password=0C8DAE (::1) 0.24ms
2025-06-13 22:17:00 - INFO - [jwt_manager:generate_and_distribute_jwts:91] - [JWT-DIST] Token JWT actualizado y enviado a web-client-1749870985560 (móvil: False) en sala id-72e9de9f5c064e5591a3fa019511f249.
2025-06-13 22:17:00 - INFO - [jwt_manager:generate_and_distribute_jwts:91] - [JWT-DIST] Token JWT actualizado y enviado a python-client-fc91b8d1-e369-435f-a4b6-60e2751adfa7 (móvil: True) en sala id-72e9de9f5c064e5591a3fa019511f249.
2025-06-13 22:17:00 - INFO - [room_manager:handle_join_room:155] - [WS-JOIN] Cliente python-client-fc91b8d1-e369-435f-a4b6-60e2751adfa7 (móvil: True) se unió a sala id-72e9de9f5c064e5591a3fa019511f249.
2025-06-13 22:17:05 - INFO - [websocket_handler:on_close:126] - [CLOSE] Conexión WebSocket cerrada para web-client-1749870985560 (móvil: False) en id-72e9de9f5c064e5591a3fa019511f249. Intencional: False, Código: 1001, Razón: None
2025-06-13 22:17:05 - INFO - [room_manager:cleanup_client_and_session:271] - [CLOSE] Cliente web-client-1749870985560 estaba en estado 'waiting_for_peer', no se marca como pending_reconnect.
2025-06-13 22:17:05 - INFO - [web:log_request:2348] - 101 GET /ws?action=create&client_id=web-client-1749871025935 (::1) 15.77ms
2025-06-13 22:17:05 - INFO - [room_manager:handle_create_room:76] - [WS-OPEN] Sala id-d6574430579441fb9c072e26545fdd26 creada por web-client-1749871025935. Contraseña: ED1B39. Esperando peer.
2025-06-13 22:17:13 - INFO - [web:log_request:2348] - 200 GET /monitor (::1) 19.27ms
2025-06-13 22:17:37 - INFO - [websocket_handler:on_close:126] - [CLOSE] Conexión WebSocket cerrada para python-client-fc91b8d1-e369-435f-a4b6-60e2751adfa7 (móvil: True) en id-72e9de9f5c064e5591a3fa019511f249. Intencional: False, Código: 1000, Razón: None
2025-06-13 22:17:37 - INFO - [room_manager:cleanup_client_and_session:269] - [CLOSE] Cliente python-client-fc91b8d1-e369-435f-a4b6-60e2751adfa7 marcado como 'pending_reconnect'.
2025-06-13 22:17:37 - INFO - [session:add_message_to_queue:275] - Mensaje encolado para web-client-1749870985560 (móvil: False, dozing: False). Cola: 1. TTL: 604800s.
2025-06-13 22:17:43 - INFO - [web:log_request:2348] - 200 GET /monitor (::1) 19.73ms
2025-06-13 22:17:52 - INFO - [web:log_request:2348] - 101 GET /ws?action=join&client_id=python-client-5763d360-928a-426b-b5a7-1eb4953bba48&room_id=id-d6574430579441fb9c072e26545fdd26&room_password=ED1B39 (::1) 0.36ms
2025-06-13 22:17:52 - INFO - [jwt_manager:generate_and_distribute_jwts:91] - [JWT-DIST] Token JWT actualizado y enviado a web-client-1749871025935 (móvil: False) en sala id-d6574430579441fb9c072e26545fdd26.
2025-06-13 22:17:52 - INFO - [jwt_manager:generate_and_distribute_jwts:91] - [JWT-DIST] Token JWT actualizado y enviado a python-client-5763d360-928a-426b-b5a7-1eb4953bba48 (móvil: True) en sala id-d6574430579441fb9c072e26545fdd26.
2025-06-13 22:17:52 - INFO - [room_manager:handle_join_room:155] - [WS-JOIN] Cliente python-client-5763d360-928a-426b-b5a7-1eb4953bba48 (móvil: True) se unió a sala id-d6574430579441fb9c072e26545fdd26.
2025-06-13 22:17:58 - INFO - [websocket_handler:on_close:126] - [CLOSE] Conexión WebSocket cerrada para web-client-1749871025935 (móvil: False) en id-d6574430579441fb9c072e26545fdd26. Intencional: False, Código: 1001, Razón: None
2025-06-13 22:17:58 - INFO - [room_manager:cleanup_client_and_session:271] - [CLOSE] Cliente web-client-1749871025935 estaba en estado 'waiting_for_peer', no se marca como pending_reconnect.
2025-06-13 22:17:59 - INFO - [web:log_request:2348] - 101 GET /ws?client_id=web-client-1749871025935&jwt_token=eyJhbGciOiJIUzI1NiIsInR5cCI6IkpXVCJ9.eyJjbGllbnRfaWQiOiJ3ZWItY2xpZW50LTE3NDk4NzEwMjU5MzUiLCJyb29tX2lkIjoiaWQtZDY1NzQ0MzA1Nzk0NDFmYjljMDcyZTI2NTQ1ZmRkMjYiLCJleHAiOjE3NTA0NzU4NzIuNTQ5MDExLCJpYXQiOjE3NDk4NzEwNzIuNTQ5MDExLCJqdGkiOiJmNzY3ZmM5Yzc5ODg0NTQxOWRkNThiMDJjNjVmYzRjMiJ9.zzsLQhcc_andbUsw3q7L4CzmmgRsfFWwNK46Hqyi3bU (::1) 0.44ms
2025-06-13 22:17:59 - INFO - [room_manager:handle_reconnection_with_jwt:249] - [WS-OPEN] Cliente web-client-1749871025935 reconectado y validado en sala id-d6574430579441fb9c072e26545fdd26.
2025-06-13 22:18:05 - INFO - [websocket_handler:on_close:126] - [CLOSE] Conexión WebSocket cerrada para web-client-1749871025935 (móvil: False) en id-d6574430579441fb9c072e26545fdd26. Intencional: False, Código: 1001, Razón: None
2025-06-13 22:18:05 - INFO - [room_manager:cleanup_client_and_session:269] - [CLOSE] Cliente web-client-1749871025935 marcado como 'pending_reconnect'.
2025-06-13 22:18:09 - INFO - [web:log_request:2348] - 101 GET /ws?client_id=web-client-1749871025935&jwt_token=eyJhbGciOiJIUzI1NiIsInR5cCI6IkpXVCJ9.eyJjbGllbnRfaWQiOiJ3ZWItY2xpZW50LTE3NDk4NzEwMjU5MzUiLCJyb29tX2lkIjoiaWQtZDY1NzQ0MzA1Nzk0NDFmYjljMDcyZTI2NTQ1ZmRkMjYiLCJleHAiOjE3NTA0NzU4NzIuNTQ5MDExLCJpYXQiOjE3NDk4NzEwNzIuNTQ5MDExLCJqdGkiOiJmNzY3ZmM5Yzc5ODg0NTQxOWRkNThiMDJjNjVmYzRjMiJ9.zzsLQhcc_andbUsw3q7L4CzmmgRsfFWwNK46Hqyi3bU (::1) 0.65ms
2025-06-13 22:18:09 - INFO - [room_manager:handle_reconnection_with_jwt:249] - [WS-OPEN] Cliente web-client-1749871025935 reconectado y validado en sala id-d6574430579441fb9c072e26545fdd26.
2025-06-13 22:18:13 - INFO - [web:log_request:2348] - 200 GET /monitor (::1) 15.35ms
2025-06-13 22:18:21 - INFO - [websocket_handler:on_close:126] - [CLOSE] Conexión WebSocket cerrada para python-client-5763d360-928a-426b-b5a7-1eb4953bba48 (móvil: True) en id-d6574430579441fb9c072e26545fdd26. Intencional: False, Código: 1000, Razón: None
2025-06-13 22:18:21 - INFO - [room_manager:cleanup_client_and_session:269] - [CLOSE] Cliente python-client-5763d360-928a-426b-b5a7-1eb4953bba48 marcado como 'pending_reconnect'.
2025-06-13 22:18:34 - INFO - [session_cleanup:cleanup_sessions:90] - [CLEANUP] Cliente python-client-f3708423-c2ca-4135-971b-e0d6e0bf0b62 (web: False) no reconectó (200s). Limpiando.
2025-06-13 22:18:36 - INFO - [websocket_handler:on_close:126] - [CLOSE] Conexión WebSocket cerrada para web-client-1749871025935 (móvil: False) en id-d6574430579441fb9c072e26545fdd26. Intencional: False, Código: 1001, Razón: None
2025-06-13 22:18:36 - INFO - [room_manager:cleanup_client_and_session:269] - [CLOSE] Cliente web-client-1749871025935 marcado como 'pending_reconnect'.
2025-06-13 22:18:37 - INFO - [web:log_request:2348] - 101 GET /ws?action=create&client_id=web-client-1749871117518 (::1) 0.87ms
2025-06-13 22:18:37 - INFO - [room_manager:handle_create_room:76] - [WS-OPEN] Sala id-4959bc2adbfb447f9f3c8a23b090217f creada por web-client-1749871117518. Contraseña: 688559. Esperando peer.
2025-06-13 22:18:43 - INFO - [web:log_request:2348] - 200 GET /monitor (::1) 15.40ms
2025-06-13 22:19:08 - INFO - [web:log_request:2348] - 101 GET /ws?action=join&client_id=python-client-9b709d0b-4a82-4cdb-88fe-ca9b311e7cfa&room_id=id-4959bc2adbfb447f9f3c8a23b090217f&room_password=688559 (::1) 0.61ms
2025-06-13 22:19:08 - INFO - [jwt_manager:generate_and_distribute_jwts:91] - [JWT-DIST] Token JWT actualizado y enviado a web-client-1749871117518 (móvil: False) en sala id-4959bc2adbfb447f9f3c8a23b090217f.
2025-06-13 22:19:08 - INFO - [jwt_manager:generate_and_distribute_jwts:91] - [JWT-DIST] Token JWT actualizado y enviado a python-client-9b709d0b-4a82-4cdb-88fe-ca9b311e7cfa (móvil: True) en sala id-4959bc2adbfb447f9f3c8a23b090217f.
2025-06-13 22:19:08 - INFO - [room_manager:handle_join_room:155] - [WS-JOIN] Cliente python-client-9b709d0b-4a82-4cdb-88fe-ca9b311e7cfa (móvil: True) se unió a sala id-4959bc2adbfb447f9f3c8a23b090217f.
2025-06-13 22:19:13 - INFO - [web:log_request:2348] - 200 GET /monitor (::1) 20.61ms
2025-06-13 22:19:19 - INFO - [websocket_handler:on_close:126] - [CLOSE] Conexión WebSocket cerrada para python-client-9b709d0b-4a82-4cdb-88fe-ca9b311e7cfa (móvil: True) en id-4959bc2adbfb447f9f3c8a23b090217f. Intencional: False, Código: 1000, Razón: None
2025-06-13 22:19:19 - INFO - [room_manager:cleanup_client_and_session:269] - [CLOSE] Cliente python-client-9b709d0b-4a82-4cdb-88fe-ca9b311e7cfa marcado como 'pending_reconnect'.
2025-06-13 22:19:38 - INFO - [websocket_handler:on_close:126] - [CLOSE] Conexión WebSocket cerrada para web-client-1749871117518 (móvil: False) en id-4959bc2adbfb447f9f3c8a23b090217f. Intencional: False, Código: 1001, Razón: None
2025-06-13 22:19:38 - INFO - [room_manager:cleanup_client_and_session:271] - [CLOSE] Cliente web-client-1749871117518 estaba en estado 'waiting_for_peer', no se marca como pending_reconnect.
2025-06-13 22:19:40 - INFO - [web:log_request:2348] - 200 GET /monitor (::1) 13.45ms
2025-06-13 22:19:41 - INFO - [web:log_request:2348] - 304 GET /monitor (::1) 18.12ms
2025-06-13 22:19:42 - INFO - [web:log_request:2348] - 304 GET /monitor (::1) 17.06ms
2025-06-13 22:19:42 - INFO - [web:log_request:2348] - 304 GET /monitor (::1) 15.93ms
2025-06-13 22:19:42 - INFO - [web:log_request:2348] - 304 GET /monitor (::1) 16.80ms
2025-06-13 22:20:53 - INFO - [web:log_request:2348] - 101 GET /ws?client_id=web-client-1749871117518&jwt_token=eyJhbGciOiJIUzI1NiIsInR5cCI6IkpXVCJ9.eyJjbGllbnRfaWQiOiJ3ZWItY2xpZW50LTE3NDk4NzExMTc1MTgiLCJyb29tX2lkIjoiaWQtNDk1OWJjMmFkYmZiNDQ3ZjlmM2M4YTIzYjA5MDIxN2YiLCJleHAiOjE3NTA0NzU5NDguMTk0MDQzLCJpYXQiOjE3NDk4NzExNDguMTk0MDQzLCJqdGkiOiIwY2NhNTZjMjAwZWQ0YjFhYTc2MzZmMDllNmM2M2ZiYyJ9.-UuQqWJk5JCg4YhAMiObgkeKtLZ64_m8ISkKDBPKBFI (::1) 20.04ms
2025-06-13 22:20:53 - INFO - [room_manager:handle_reconnection_with_jwt:249] - [WS-OPEN] Cliente web-client-1749871117518 reconectado y validado en sala id-4959bc2adbfb447f9f3c8a23b090217f.
2025-06-13 22:21:30 - INFO - [websocket_handler:on_close:126] - [CLOSE] Conexión WebSocket cerrada para web-client-1749871117518 (móvil: False) en id-4959bc2adbfb447f9f3c8a23b090217f. Intencional: False, Código: 1001, Razón: None
2025-06-13 22:21:30 - INFO - [room_manager:cleanup_client_and_session:269] - [CLOSE] Cliente web-client-1749871117518 marcado como 'pending_reconnect'.
